
 **** INPUT FILE VPSC.IN FOR THIS RUN ****
1                          number of elements (nelem)                           
1                          number of phases (nph)                               
1.0  0.0                   relative vol. fract. of phases (wph(i))              
*INFORMATION ABOUT PHASE #1                                                     
0   0   25                      grain shape contrl, fragmentn, crit aspect ratio
1.0  1.0  1.0                 initial ellipsoid ratios (dummy if ishape=4)      
0.0  0.0  0.0                 init Eul ang ellips axes (dummy if ishape=3,4)    
* name and path of texture file (filetext)                                      
FFT_VPSC_IT.tex                                                                 
* name and path of single crystal file (filecrys)                               
FCC_cu.sx                                                                       
* name and path of grain shape file (dummy if ishape=0) (fileaxes)              
dummy                                                                           
*PRECISION SETTINGS FOR CONVERGENCE PROCEDURES (default values)                 
0.001 0.001 0.001 0.001    errs,errd,errm,errso                                 
100 100 25     itmax:   max # of iter, external, internal and SO loops          
0  2  10  2    irsvar & jrsini,jrsfin,jrstep (dummy if irsvar=0)                
1              ibcinv (0: don't use <Bc>**-1, 1: use <Bc>**-1 in SC eq)         
*INPUT/OUTPUT SETTINGS FOR THE RUN (default is zero)                            
0              irecover:read grain states from POSTMORT.IN (1) or not (0)?      
0              isave:   write grain states in POSTMORT.OUT at step 'isave'?     
0              icubcomp:calculate fcc rolling components?                       
0              nwrite (frequency of texture downloads)                          
*MODELING CONDITIONS FOR THE RUN                                                
3              interaction (0:FC,1:affine,2:secant,3:neff=10,4:tangent,5:SO)    
1  1  1        iupdate: update orient, grain shape, hardening                   
0              nneigh (0 for no neighbors, 1 for pairs, etc.)                   
0              iflu (0: don't calc, 1: calc fluctuations)                       
*NUMBER OF PROCESSES (Lij const; Lij variable; PCYS ;LANKFORD; rigid rotatn)    
1                                                                               
*IVGVAR AND PATH\NAME OF FILE FOR EACH PROCESS                                  
0                                                                               
COMPRES.3                                                                       
                                                                               

IPH=  0  FIJPH     1.0000   0.0000   0.0000   0.0000   1.0000   0.0000   0.0000   0.0000   1.0000
         EIGNVAL   1.0000   1.0000   1.0000
         EIGNVEC   1.0000  -0.0000   0.0000   0.0000  -0.0000   1.0000   0.0000  -1.0000   0.0000

 **** CRYSTAL DATA FILE ****
*Material: Copper                                                               
cubic           crysym                                                          
   1.0   1.0   1.0   90.   90.   90.   unit cell axes and angles                
Elastic stiffness (single crystal [GPa]; scaled=0.85xINTERPOLATED)              
 168.4   121.4   121.4   000.0   000.0   000.0                                  
 121.4   168.4   121.4   000.0   000.0   000.0                                  
 121.4   121.4   168.4   000.0   000.0   000.0                                  
 000.0   000.0   000.0   75.4    000.0   000.0                                  
 000.0   000.0   000.0   000.0   75.4    000.0                                  
 000.0   000.0   000.0   000.0   000.0   75.4                                   
*Thermal expansion coefficients (single crystal in crystal axis):               
  0.0e-6   0.0e-6  0.0e-6   0.0e0   0.0e0   0.0e0                               
*Info about slip & twinning modes in this file:                                 
  2          nmodesx    (total # of modes listed in file)                       
  1          nmodes     (# of modes to be used in the calculation)              
  1          mode(i)    (label of the modes to be used)                         
  {111}<110> SLIP                                                               
 1  12  1   0                       modex,nsmx,iopsysx,itwtypex                 
   1  1  1        0  1 -1           slip (n & b)                                
   1  1  1        1  0 -1                                                       
   1  1  1        1 -1  0                                                       
  -1  1  1        0  1 -1                                                       
  -1  1  1        1  0  1                                                       
  -1  1  1        1  1  0                                                       
  -1 -1  1        0  1  1                                                       
  -1 -1  1        1  0  1                                                       
  -1 -1  1        1 -1  0                                                       
   1 -1  1        0  1  1                                                       
   1 -1  1        1  0 -1                                                       
   1 -1  1        1  1  0                                                       
 {111}<112> TWIN                                                                
 2  12  0   2                        modex,nsmx,isensex,itwtypex                
 0.707                               twshx                                      
   1  1  1       -2  1  1                                                       
   1  1  1        1 -2  1                                                       
   1  1  1        1  1 -2                                                       
  -1  1  1        2  1  1                                                       
  -1  1  1       -1 -2  1                                                       
  -1  1  1       -1  1 -2                                                       
  -1 -1  1        2 -1  1                                                       
  -1 -1  1       -1  2  1                                                       
  -1 -1  1       -1 -1 -2                                                       
   1 -1  1       -2 -1  1                                                       
   1 -1  1        1  2  1                                                       
   1 -1  1        1 -1 -2                                                       
*Constitutive law                                                               
   0      Voce=0, MTS=1                                                         
   1      iratesens (0:rate insensitive, 1:rate sensitive)                      
   50     grsze --> grain size only matters if HPfactor is non-zero             
  {111}<110> SLIP -------------------------------------------                   
 10                                 nrsx                                        
 10.0000  10.0000  10.0000  1.0000   0.        tau0x,tau1x,thet0,thet1, hpfac   
 1.0    1.0                          hlatex(1,im),im=1,nmodes                   
  {111}<112> TWIN --------------------------------------                        
 20                               nrsx                                          
 1.0   0.0    0.   0.   0.        tau0x,tau1x,thet0,thet1, hpfac                
 1.0    1.0                       hlatex(1,im),im=1,nmodes                      
 0     0.05   0.50                isectw, thres1,thres2                         
**** END OF CRYSTAL DATA FILE ****


  N & B FOR MODE  1 IN PHASE  1
     0.577     0.577     0.577        0.000     0.707    -0.707
     0.577     0.577     0.577        0.707     0.000    -0.707
     0.577     0.577     0.577        0.707    -0.707     0.000
    -0.577     0.577     0.577        0.000     0.707    -0.707
    -0.577     0.577     0.577        0.707     0.000     0.707
    -0.577     0.577     0.577        0.707     0.707     0.000
    -0.577    -0.577     0.577        0.000     0.707     0.707
    -0.577    -0.577     0.577        0.707     0.000     0.707
    -0.577    -0.577     0.577        0.707    -0.707     0.000
     0.577    -0.577     0.577        0.000     0.707     0.707
     0.577    -0.577     0.577        0.707     0.000    -0.707
     0.577    -0.577     0.577        0.707     0.707     0.000
IPH=  1  FIJPH     1.0000   0.0000   0.0000   0.0000   1.0000   0.0000   0.0000   0.0000   1.0000
         EIGNVAL   1.0000   1.0000   1.0000
         EIGNVEC   1.0000  -0.0000   0.0000   0.0000  -0.0000   1.0000   0.0000  -1.0000   0.0000

 UB ELASTIC STIFFNESS (VOIGT NOTATION)
    214.44     98.88     97.88     -0.12      0.54      0.23
     98.88    212.10    100.22      0.57     -0.75      0.75
     97.88    100.22    213.10     -0.45      0.22     -0.98
     -0.12      0.57     -0.45     54.22     -0.98     -0.75
      0.54     -0.75      0.22     -0.98     51.88     -0.12
      0.23      0.75     -0.98     -0.75     -0.12     52.88


  ELASTIC ESHELBY TENSOR (VOIGT NOTATION)
     0.54691     0.06824     0.06586    -0.00029     0.00128     0.00054
     0.06822     0.54132     0.07141     0.00136    -0.00177     0.00178
     0.06586     0.07142     0.54372    -0.00107     0.00050    -0.00232
    -0.00028     0.00136    -0.00106     0.23092    -0.00232    -0.00178
     0.00128    -0.00177     0.00051    -0.00232     0.22537    -0.00029
     0.00055     0.00179    -0.00232    -0.00178    -0.00029     0.22774

SC ELASTIC STIFFNESS (VOIGT NOTATION)
  0.2062E+03  0.1031E+03  0.1020E+03 -0.1342E+00  0.5623E+00  0.2486E+00
  0.1031E+03  0.2036E+03  0.1045E+03  0.6005E+00 -0.7819E+00  0.7738E+00
  0.1020E+03  0.1045E+03  0.2047E+03 -0.4663E+00  0.2196E+00 -0.1022E+01
 -0.1342E+00  0.6005E+00 -0.4663E+00  0.4776E+02 -0.9918E+00 -0.7614E+00
  0.5623E+00 -0.7819E+00  0.2196E+00 -0.9918E+00  0.4539E+02 -0.1171E+00
  0.2486E+00  0.7738E+00 -0.1022E+01 -0.7614E+00 -0.1171E+00  0.4638E+02

SC ELASTIC COMPLIANCE (VOIGT NOTATION)
  0.7243E-02 -0.2459E-02 -0.2353E-02  0.1251E-04 -0.6014E-04 -0.2477E-04
 -0.2459E-02  0.7493E-02 -0.2603E-02 -0.6288E-04  0.8447E-04 -0.8541E-04
 -0.2353E-02 -0.2603E-02  0.7387E-02  0.5037E-04 -0.2433E-04  0.1102E-03
  0.1251E-04 -0.6288E-04  0.5037E-04  0.5239E-02  0.1139E-03  0.8734E-04
 -0.6014E-04  0.8447E-04 -0.2433E-04  0.1139E-03  0.5511E-02  0.1497E-04
 -0.2477E-04 -0.8541E-04  0.1102E-03  0.8734E-04  0.1497E-04  0.5393E-02

*** LOAD CONDITIONS FOR THIS RUN
  90   3    .002    298.         nsteps  ictrl  eqincr  temp                    
* boundary conditions                                                           
    0       1       1           iudot    |    flag for vel.grad.                
    1       0       1                    |    (0:unknown-1:known)               
    1       1       1                    |                                      
                                         |                                      
    0.     0.      0.          udot     |    vel.grad                           
    0.      0.     0.                   |                                       
    0.      0.     -.001                    |                                   
                                         |                                      
    1       0       0           iscau    |    flag for Cauchy                   
            1       0                    |                                      
                    0                    |                                      
                                         |                                      
    0.      0.      0.          scauchy  |    Cauchy stress                     
            0.      0.                   |                                      
                    0.                   @                                      
                                                                               

*******   STEP   1      *** NEFF=10 CALCULATION                

 xmctg after gr rate for grain  301
  0.2435E-04  0.4590E-05 -0.8782E-05  0.7916E-06 -0.1079E-04
  0.4590E-05  0.8739E-04 -0.3593E-05 -0.1339E-04 -0.3908E-04
 -0.8782E-05 -0.3593E-05  0.2739E-04 -0.3843E-05  0.2265E-04
  0.7916E-06 -0.1339E-04 -0.3843E-05  0.3002E-04  0.1537E-04
 -0.1079E-04 -0.3908E-04  0.2265E-04  0.1537E-04  0.8002E-04

 xmctg after gr rate for grain  302
  0.5079E-04 -0.1022E-04  0.2516E-04 -0.2161E-04 -0.1290E-04
 -0.1022E-04  0.8473E-04 -0.1220E-04 -0.1010E-05  0.1087E-04
  0.2516E-04 -0.1220E-04  0.2780E-04 -0.5544E-05 -0.9628E-05
 -0.2161E-04 -0.1010E-05 -0.5544E-05  0.2212E-04  0.3846E-05
 -0.1290E-04  0.1087E-04 -0.9628E-05  0.3846E-05  0.2596E-04

 xmctg after gr rate for grain  303
  0.8220E-04  0.4316E-04 -0.2907E-05  0.1912E-04 -0.1624E-04
  0.4316E-04  0.8914E-04  0.7657E-05  0.8310E-05 -0.9923E-05
 -0.2907E-05  0.7657E-05  0.3675E-04 -0.4467E-07  0.5210E-05
  0.1912E-04  0.8310E-05 -0.4467E-07  0.2334E-04 -0.6581E-05
 -0.1624E-04 -0.9923E-05  0.5210E-05 -0.6581E-05  0.2701E-04

 xmctg after gr rate for grain  304
  0.8578E-04 -0.4581E-04  0.2188E-04  0.4691E-05  0.1277E-04
 -0.4581E-04  0.8670E-04 -0.1025E-04  0.1407E-06 -0.9761E-05
  0.2188E-04 -0.1025E-04  0.2534E-04 -0.2110E-05  0.5043E-05
  0.4691E-05  0.1407E-06 -0.2110E-05  0.4280E-04 -0.5068E-05
  0.1277E-04 -0.9761E-05  0.5043E-05 -0.5068E-05  0.2611E-04

 xmctg after gr rate for grain  305
  0.2936E-04  0.6909E-06  0.5257E-05 -0.4344E-05  0.1330E-05
  0.6909E-06  0.9666E-04  0.9318E-06 -0.3424E-06 -0.9357E-06
  0.5257E-05  0.9318E-06  0.1110E-04 -0.1119E-05 -0.5275E-05
 -0.4344E-05 -0.3424E-06 -0.1119E-05  0.1793E-04  0.1104E-04
  0.1330E-05 -0.9357E-06 -0.5275E-05  0.1104E-04  0.2745E-04
IPH=  0  FIJPH     1.0006   0.0000   0.0000   0.0000   1.0007   0.0000   0.0000   0.0000   0.9987
         EIGNVAL   1.0006   1.0007   0.9987
         EIGNVEC   1.0000   0.0000   0.0000   0.0000   1.0000   0.0000   0.0000   0.0000   1.0000
IPH=  1  FIJPH     1.0006   0.0000   0.0000   0.0000   1.0007   0.0000   0.0000   0.0000   0.9987
         EIGNVAL   1.0006   1.0007   0.9987
         EIGNVEC   1.0000   0.0000  -0.0000  -0.0000   1.0000  -0.0000   0.0000   0.0000   1.0000

*******   STEP   2      *** NEFF=10 CALCULATION                
IPH=  0  FIJPH     1.0012   0.0000   0.0000   0.0000   1.0014   0.0000   0.0000   0.0000   0.9973
         EIGNVAL   1.0012   1.0014   0.9973
         EIGNVEC   1.0000   0.0000   0.0000   0.0000   1.0000   0.0000   0.0000   0.0000   1.0000
IPH=  1  FIJPH     1.0012   0.0000  -0.0000   0.0000   1.0014  -0.0000  -0.0000  -0.0000   0.9973
         EIGNVAL   1.0012   1.0014   0.9973
         EIGNVEC   1.0000   0.0000   0.0000  -0.0000   1.0000   0.0000  -0.0000  -0.0000   1.0000

*******   STEP   3      *** NEFF=10 CALCULATION                
IPH=  0  FIJPH     1.0018   0.0000   0.0000   0.0000   1.0022   0.0000   0.0000   0.0000   0.9960
         EIGNVAL   1.0018   1.0022   0.9960
         EIGNVEC   1.0000   0.0000   0.0000   0.0000   1.0000   0.0000   0.0000   0.0000   1.0000
IPH=  1  FIJPH     1.0018   0.0000  -0.0000   0.0000   1.0022  -0.0000  -0.0000  -0.0000   0.9960
         EIGNVAL   1.0018   1.0022   0.9960
         EIGNVEC   1.0000   0.0000   0.0000  -0.0000   1.0000   0.0000  -0.0000  -0.0000   1.0000

*******   STEP   4      *** NEFF=10 CALCULATION                
IPH=  0  FIJPH     1.0024   0.0000   0.0000   0.0000   1.0029   0.0000   0.0000   0.0000   0.9947
         EIGNVAL   1.0024   1.0029   0.9947
         EIGNVEC   1.0000   0.0000   0.0000   0.0000   1.0000   0.0000   0.0000   0.0000   1.0000
IPH=  1  FIJPH     1.0024   0.0000  -0.0000   0.0000   1.0029  -0.0000  -0.0000  -0.0000   0.9947
         EIGNVAL   1.0024   1.0029   0.9947
         EIGNVEC   1.0000   0.0000   0.0000  -0.0000   1.0000   0.0000  -0.0000  -0.0000   1.0000

*******   STEP   5      *** NEFF=10 CALCULATION                
IPH=  0  FIJPH     1.0031   0.0000   0.0000   0.0000   1.0036   0.0000   0.0000   0.0000   0.9934
         EIGNVAL   1.0031   1.0036   0.9934
         EIGNVEC   1.0000   0.0000   0.0000   0.0000   1.0000   0.0000   0.0000   0.0000   1.0000
IPH=  1  FIJPH     1.0031   0.0000  -0.0000   0.0000   1.0036  -0.0000  -0.0000  -0.0000   0.9933
         EIGNVAL   1.0031   1.0036   0.9933
         EIGNVEC   1.0000   0.0000   0.0000  -0.0000   1.0000   0.0000  -0.0000  -0.0000   1.0000

*******   STEP   6      *** NEFF=10 CALCULATION                
IPH=  0  FIJPH     1.0037   0.0000   0.0000   0.0000   1.0043   0.0000   0.0000   0.0000   0.9920
         EIGNVAL   1.0037   1.0043   0.9920
         EIGNVEC   1.0000   0.0000   0.0000   0.0000   1.0000   0.0000   0.0000   0.0000   1.0000
IPH=  1  FIJPH     1.0037  -0.0000  -0.0000  -0.0000   1.0044  -0.0000  -0.0000  -0.0000   0.9920
         EIGNVAL   1.0037   1.0044   0.9920
         EIGNVEC   1.0000  -0.0000   0.0000   0.0000   1.0000   0.0000  -0.0000  -0.0000   1.0000

*******   STEP   7      *** NEFF=10 CALCULATION                
IPH=  0  FIJPH     1.0043   0.0000   0.0000   0.0000   1.0051   0.0000   0.0000   0.0000   0.9907
         EIGNVAL   1.0043   1.0051   0.9907
         EIGNVEC   1.0000   0.0000   0.0000   0.0000   1.0000   0.0000   0.0000   0.0000   1.0000
IPH=  1  FIJPH     1.0043  -0.0000  -0.0000  -0.0000   1.0051  -0.0000  -0.0000  -0.0000   0.9907
         EIGNVAL   1.0043   1.0051   0.9907
         EIGNVEC   1.0000  -0.0000   0.0000   0.0000   1.0000   0.0000  -0.0000  -0.0000   1.0000

*******   STEP   8      *** NEFF=10 CALCULATION                
IPH=  0  FIJPH     1.0049   0.0000   0.0000   0.0000   1.0058   0.0000   0.0000   0.0000   0.9894
         EIGNVAL   1.0049   1.0058   0.9894
         EIGNVEC   1.0000   0.0000   0.0000   0.0000   1.0000   0.0000   0.0000   0.0000   1.0000
IPH=  1  FIJPH     1.0049  -0.0000  -0.0000  -0.0000   1.0058  -0.0000  -0.0000  -0.0000   0.9894
         EIGNVAL   1.0049   1.0058   0.9894
         EIGNVEC   1.0000  -0.0000   0.0000   0.0000   1.0000   0.0000  -0.0000  -0.0000   1.0000

*******   STEP   9      *** NEFF=10 CALCULATION                
IPH=  0  FIJPH     1.0055   0.0000   0.0000   0.0000   1.0065   0.0000   0.0000   0.0000   0.9881
         EIGNVAL   1.0055   1.0065   0.9881
         EIGNVEC   1.0000   0.0000   0.0000   0.0000   1.0000   0.0000   0.0000   0.0000   1.0000
IPH=  1  FIJPH     1.0055  -0.0000  -0.0000  -0.0000   1.0065  -0.0000  -0.0000  -0.0000   0.9881
         EIGNVAL   1.0055   1.0065   0.9881
         EIGNVEC   1.0000  -0.0000   0.0000   0.0000   1.0000   0.0000  -0.0000  -0.0000   1.0000

*******   STEP  10      *** NEFF=10 CALCULATION                
IPH=  0  FIJPH     1.0061   0.0000   0.0000   0.0000   1.0073   0.0000   0.0000   0.0000   0.9867
         EIGNVAL   1.0061   1.0073   0.9867
         EIGNVEC   1.0000   0.0000   0.0000   0.0000   1.0000   0.0000   0.0000   0.0000   1.0000
IPH=  1  FIJPH     1.0061  -0.0000  -0.0000  -0.0000   1.0073  -0.0000  -0.0000  -0.0000   0.9867
         EIGNVAL   1.0061   1.0073   0.9867
         EIGNVEC   1.0000  -0.0000   0.0000   0.0000   1.0000   0.0000  -0.0000  -0.0000   1.0000

*******   STEP  11      *** NEFF=10 CALCULATION                
IPH=  0  FIJPH     1.0067   0.0000   0.0000   0.0000   1.0080   0.0000   0.0000   0.0000   0.9854
         EIGNVAL   1.0067   1.0080   0.9854
         EIGNVEC   1.0000   0.0000   0.0000   0.0000   1.0000   0.0000   0.0000   0.0000   1.0000
IPH=  1  FIJPH     1.0067  -0.0000  -0.0000  -0.0000   1.0080  -0.0000  -0.0000  -0.0000   0.9854
         EIGNVAL   1.0067   1.0080   0.9854
         EIGNVEC   1.0000  -0.0000   0.0000   0.0000   1.0000   0.0000  -0.0000  -0.0000   1.0000

*******   STEP  12      *** NEFF=10 CALCULATION                
IPH=  0  FIJPH     1.0073   0.0000   0.0000   0.0000   1.0087   0.0000   0.0000   0.0000   0.9841
         EIGNVAL   1.0073   1.0087   0.9841
         EIGNVEC   1.0000   0.0000   0.0000   0.0000   1.0000   0.0000   0.0000   0.0000   1.0000
IPH=  1  FIJPH     1.0073  -0.0000  -0.0000  -0.0000   1.0087  -0.0000  -0.0000  -0.0000   0.9841
         EIGNVAL   1.0073   1.0087   0.9841
         EIGNVEC   1.0000  -0.0000   0.0000   0.0000   1.0000   0.0000  -0.0000  -0.0000   1.0000

*******   STEP  13      *** NEFF=10 CALCULATION                
IPH=  0  FIJPH     1.0079   0.0000   0.0000   0.0000   1.0095   0.0000   0.0000   0.0000   0.9828
         EIGNVAL   1.0079   1.0095   0.9828
         EIGNVEC   1.0000   0.0000   0.0000   0.0000   1.0000   0.0000   0.0000   0.0000   1.0000
IPH=  1  FIJPH     1.0079  -0.0000  -0.0000  -0.0000   1.0095  -0.0000  -0.0000  -0.0000   0.9828
         EIGNVAL   1.0079   1.0095   0.9828
         EIGNVEC   1.0000  -0.0000   0.0000   0.0000   1.0000   0.0000  -0.0000  -0.0000   1.0000

*******   STEP  14      *** NEFF=10 CALCULATION                
IPH=  0  FIJPH     1.0086   0.0000   0.0000   0.0000   1.0102   0.0000   0.0000   0.0000   0.9815
         EIGNVAL   1.0086   1.0102   0.9815
         EIGNVEC   1.0000   0.0000   0.0000   0.0000   1.0000   0.0000   0.0000   0.0000   1.0000
IPH=  1  FIJPH     1.0086  -0.0000  -0.0000  -0.0000   1.0102  -0.0000  -0.0000  -0.0000   0.9815
         EIGNVAL   1.0086   1.0102   0.9815
         EIGNVEC   1.0000  -0.0000   0.0000   0.0000   1.0000   0.0000  -0.0000  -0.0000   1.0000

*******   STEP  15      *** NEFF=10 CALCULATION                
IPH=  0  FIJPH     1.0092   0.0000   0.0000   0.0000   1.0109   0.0000   0.0000   0.0000   0.9802
         EIGNVAL   1.0092   1.0109   0.9802
         EIGNVEC   1.0000   0.0000   0.0000   0.0000   1.0000   0.0000   0.0000   0.0000   1.0000
IPH=  1  FIJPH     1.0092  -0.0000  -0.0000  -0.0000   1.0109  -0.0000  -0.0000  -0.0000   0.9802
         EIGNVAL   1.0092   1.0109   0.9802
         EIGNVEC   1.0000  -0.0000   0.0000   0.0000   1.0000   0.0000  -0.0000  -0.0000   1.0000

*******   STEP  16      *** NEFF=10 CALCULATION                
IPH=  0  FIJPH     1.0098   0.0000   0.0000   0.0000   1.0117   0.0000   0.0000   0.0000   0.9789
         EIGNVAL   1.0098   1.0117   0.9789
         EIGNVEC   1.0000   0.0000   0.0000   0.0000   1.0000   0.0000   0.0000   0.0000   1.0000
IPH=  1  FIJPH     1.0098  -0.0000  -0.0000  -0.0000   1.0117  -0.0000  -0.0000  -0.0000   0.9789
         EIGNVAL   1.0098   1.0117   0.9789
         EIGNVEC   1.0000  -0.0000   0.0000   0.0000   1.0000   0.0000  -0.0000  -0.0000   1.0000

*******   STEP  17      *** NEFF=10 CALCULATION                
IPH=  0  FIJPH     1.0104   0.0000   0.0000   0.0000   1.0124   0.0000   0.0000   0.0000   0.9776
         EIGNVAL   1.0104   1.0124   0.9776
         EIGNVEC   1.0000   0.0000   0.0000   0.0000   1.0000   0.0000   0.0000   0.0000   1.0000
IPH=  1  FIJPH     1.0104  -0.0000  -0.0000  -0.0000   1.0124  -0.0000  -0.0000  -0.0000   0.9776
         EIGNVAL   1.0104   1.0124   0.9776
         EIGNVEC   1.0000  -0.0000   0.0000   0.0000   1.0000   0.0000  -0.0000  -0.0000   1.0000

*******   STEP  18      *** NEFF=10 CALCULATION                
IPH=  0  FIJPH     1.0110   0.0000   0.0000   0.0000   1.0131   0.0000   0.0000   0.0000   0.9763
         EIGNVAL   1.0110   1.0131   0.9763
         EIGNVEC   1.0000   0.0000   0.0000   0.0000   1.0000   0.0000   0.0000   0.0000   1.0000
IPH=  1  FIJPH     1.0110  -0.0000  -0.0000  -0.0000   1.0131  -0.0000  -0.0000  -0.0000   0.9763
         EIGNVAL   1.0110   1.0131   0.9763
         EIGNVEC   1.0000  -0.0000   0.0000   0.0000   1.0000   0.0000  -0.0000  -0.0000   1.0000

*******   STEP  19      *** NEFF=10 CALCULATION                
IPH=  0  FIJPH     1.0116   0.0000   0.0000   0.0000   1.0139   0.0000   0.0000   0.0000   0.9750
         EIGNVAL   1.0116   1.0139   0.9750
         EIGNVEC   1.0000   0.0000   0.0000   0.0000   1.0000   0.0000   0.0000   0.0000   1.0000
IPH=  1  FIJPH     1.0116  -0.0000  -0.0000  -0.0000   1.0139  -0.0000  -0.0000  -0.0000   0.9750
         EIGNVAL   1.0116   1.0139   0.9750
         EIGNVEC   1.0000  -0.0000   0.0000   0.0000   1.0000   0.0000  -0.0000  -0.0000   1.0000

*******   STEP  20      *** NEFF=10 CALCULATION                
IPH=  0  FIJPH     1.0122   0.0000   0.0000   0.0000   1.0146   0.0000   0.0000   0.0000   0.9737
         EIGNVAL   1.0122   1.0146   0.9737
         EIGNVEC   1.0000   0.0000   0.0000   0.0000   1.0000   0.0000   0.0000   0.0000   1.0000
IPH=  1  FIJPH     1.0122  -0.0000  -0.0000  -0.0000   1.0146  -0.0000  -0.0000  -0.0000   0.9737
         EIGNVAL   1.0122   1.0146   0.9737
         EIGNVEC   1.0000  -0.0000   0.0000   0.0000   1.0000   0.0000  -0.0000  -0.0000   1.0000

*******   STEP  21      *** NEFF=10 CALCULATION                
IPH=  0  FIJPH     1.0128   0.0000   0.0000   0.0000   1.0153   0.0000   0.0000   0.0000   0.9724
         EIGNVAL   1.0128   1.0153   0.9724
         EIGNVEC   1.0000   0.0000   0.0000   0.0000   1.0000   0.0000   0.0000   0.0000   1.0000
IPH=  1  FIJPH     1.0129  -0.0000  -0.0000  -0.0000   1.0153  -0.0000  -0.0000  -0.0000   0.9724
         EIGNVAL   1.0129   1.0153   0.9724
         EIGNVEC   1.0000  -0.0000   0.0000   0.0000   1.0000   0.0000  -0.0000  -0.0000   1.0000

*******   STEP  22      *** NEFF=10 CALCULATION                
IPH=  0  FIJPH     1.0135   0.0000   0.0000   0.0000   1.0161   0.0000   0.0000   0.0000   0.9711
         EIGNVAL   1.0135   1.0161   0.9711
         EIGNVEC   1.0000   0.0000   0.0000   0.0000   1.0000   0.0000   0.0000   0.0000   1.0000
IPH=  1  FIJPH     1.0135  -0.0000  -0.0000  -0.0000   1.0161  -0.0000  -0.0000  -0.0000   0.9711
         EIGNVAL   1.0135   1.0161   0.9711
         EIGNVEC   1.0000  -0.0000   0.0000   0.0000   1.0000   0.0000  -0.0000  -0.0000   1.0000

*******   STEP  23      *** NEFF=10 CALCULATION                
IPH=  0  FIJPH     1.0141   0.0000   0.0000   0.0000   1.0168   0.0000   0.0000   0.0000   0.9698
         EIGNVAL   1.0141   1.0168   0.9698
         EIGNVEC   1.0000   0.0000   0.0000   0.0000   1.0000   0.0000   0.0000   0.0000   1.0000
IPH=  1  FIJPH     1.0141  -0.0000  -0.0000  -0.0000   1.0168  -0.0000  -0.0000  -0.0000   0.9698
         EIGNVAL   1.0141   1.0168   0.9698
         EIGNVEC   1.0000  -0.0000   0.0000   0.0000   1.0000   0.0000  -0.0000  -0.0000   1.0000

*******   STEP  24      *** NEFF=10 CALCULATION                
IPH=  0  FIJPH     1.0147   0.0000   0.0000   0.0000   1.0176   0.0000   0.0000   0.0000   0.9685
         EIGNVAL   1.0147   1.0176   0.9685
         EIGNVEC   1.0000   0.0000   0.0000   0.0000   1.0000   0.0000   0.0000   0.0000   1.0000
IPH=  1  FIJPH     1.0147  -0.0000  -0.0000  -0.0000   1.0176  -0.0000  -0.0000  -0.0000   0.9685
         EIGNVAL   1.0147   1.0176   0.9685
         EIGNVEC   1.0000  -0.0000   0.0000   0.0000   1.0000   0.0000  -0.0000  -0.0000   1.0000

*******   STEP  25      *** NEFF=10 CALCULATION                
IPH=  0  FIJPH     1.0153   0.0000   0.0000   0.0000   1.0183   0.0000   0.0000   0.0000   0.9672
         EIGNVAL   1.0153   1.0183   0.9672
         EIGNVEC   1.0000   0.0000   0.0000   0.0000   1.0000   0.0000   0.0000   0.0000   1.0000
IPH=  1  FIJPH     1.0153  -0.0000  -0.0000  -0.0000   1.0183  -0.0000  -0.0000  -0.0000   0.9672
         EIGNVAL   1.0153   1.0183   0.9672
         EIGNVEC   1.0000  -0.0000   0.0000   0.0000   1.0000   0.0000  -0.0000  -0.0000   1.0000

*******   STEP  26      *** NEFF=10 CALCULATION                
IPH=  0  FIJPH     1.0159   0.0000   0.0000   0.0000   1.0190   0.0000   0.0000   0.0000   0.9659
         EIGNVAL   1.0159   1.0190   0.9659
         EIGNVEC   1.0000   0.0000   0.0000   0.0000   1.0000   0.0000   0.0000   0.0000   1.0000
IPH=  1  FIJPH     1.0159  -0.0000  -0.0000  -0.0000   1.0191  -0.0000  -0.0000  -0.0000   0.9659
         EIGNVAL   1.0159   1.0191   0.9659
         EIGNVEC   1.0000  -0.0000   0.0000   0.0000   1.0000   0.0000  -0.0000  -0.0000   1.0000

*******   STEP  27      *** NEFF=10 CALCULATION                
IPH=  0  FIJPH     1.0165   0.0000   0.0000   0.0000   1.0198   0.0000   0.0000   0.0000   0.9646
         EIGNVAL   1.0165   1.0198   0.9646
         EIGNVEC   1.0000   0.0000   0.0000   0.0000   1.0000   0.0000   0.0000   0.0000   1.0000
IPH=  1  FIJPH     1.0165  -0.0000  -0.0000  -0.0000   1.0198  -0.0000  -0.0000  -0.0000   0.9646
         EIGNVAL   1.0165   1.0198   0.9646
         EIGNVEC   1.0000  -0.0000   0.0000   0.0000   1.0000   0.0000  -0.0000  -0.0000   1.0000

*******   STEP  28      *** NEFF=10 CALCULATION                
IPH=  0  FIJPH     1.0171   0.0000   0.0000   0.0000   1.0205   0.0000   0.0000   0.0000   0.9633
         EIGNVAL   1.0171   1.0205   0.9633
         EIGNVEC   1.0000   0.0000   0.0000   0.0000   1.0000   0.0000   0.0000   0.0000   1.0000
IPH=  1  FIJPH     1.0172  -0.0000  -0.0000  -0.0000   1.0205  -0.0000  -0.0000  -0.0000   0.9633
         EIGNVAL   1.0172   1.0205   0.9633
         EIGNVEC   1.0000  -0.0000   0.0000   0.0000   1.0000   0.0000  -0.0000  -0.0000   1.0000

*******   STEP  29      *** NEFF=10 CALCULATION                
IPH=  0  FIJPH     1.0178   0.0000   0.0000   0.0000   1.0213   0.0000   0.0000   0.0000   0.9620
         EIGNVAL   1.0178   1.0213   0.9620
         EIGNVEC   1.0000   0.0000   0.0000   0.0000   1.0000   0.0000   0.0000   0.0000   1.0000
IPH=  1  FIJPH     1.0178  -0.0000  -0.0000  -0.0000   1.0213  -0.0000  -0.0000  -0.0000   0.9620
         EIGNVAL   1.0178   1.0213   0.9620
         EIGNVEC   1.0000  -0.0000   0.0000   0.0000   1.0000   0.0000  -0.0000  -0.0000   1.0000

*******   STEP  30      *** NEFF=10 CALCULATION                
IPH=  0  FIJPH     1.0184   0.0000   0.0000   0.0000   1.0220   0.0000   0.0000   0.0000   0.9608
         EIGNVAL   1.0184   1.0220   0.9608
         EIGNVEC   1.0000   0.0000   0.0000   0.0000   1.0000   0.0000   0.0000   0.0000   1.0000
IPH=  1  FIJPH     1.0184  -0.0000  -0.0000  -0.0000   1.0220  -0.0000  -0.0000  -0.0000   0.9607
         EIGNVAL   1.0184   1.0220   0.9607
         EIGNVEC   1.0000  -0.0000   0.0000   0.0000   1.0000   0.0000  -0.0000  -0.0000   1.0000

*******   STEP  31      *** NEFF=10 CALCULATION                
IPH=  0  FIJPH     1.0190   0.0000   0.0000   0.0000   1.0228   0.0000   0.0000   0.0000   0.9595
         EIGNVAL   1.0190   1.0228   0.9595
         EIGNVEC   1.0000   0.0000   0.0000   0.0000   1.0000   0.0000   0.0000   0.0000   1.0000
IPH=  1  FIJPH     1.0190  -0.0000  -0.0000  -0.0000   1.0228  -0.0000  -0.0000  -0.0000   0.9595
         EIGNVAL   1.0190   1.0228   0.9595
         EIGNVEC   1.0000  -0.0000   0.0000   0.0000   1.0000   0.0000  -0.0000  -0.0000   1.0000

*******   STEP  32      *** NEFF=10 CALCULATION                
IPH=  0  FIJPH     1.0196   0.0000   0.0000   0.0000   1.0235   0.0000   0.0000   0.0000   0.9582
         EIGNVAL   1.0196   1.0235   0.9582
         EIGNVEC   1.0000   0.0000   0.0000   0.0000   1.0000   0.0000   0.0000   0.0000   1.0000
IPH=  1  FIJPH     1.0196  -0.0000  -0.0000  -0.0000   1.0235  -0.0000  -0.0000  -0.0000   0.9582
         EIGNVAL   1.0196   1.0235   0.9582
         EIGNVEC   1.0000  -0.0000   0.0000   0.0000   1.0000   0.0000  -0.0000  -0.0000   1.0000

*******   STEP  33      *** NEFF=10 CALCULATION                
IPH=  0  FIJPH     1.0202   0.0000   0.0000   0.0000   1.0243   0.0000   0.0000   0.0000   0.9569
         EIGNVAL   1.0202   1.0243   0.9569
         EIGNVEC   1.0000   0.0000   0.0000   0.0000   1.0000   0.0000   0.0000   0.0000   1.0000
IPH=  1  FIJPH     1.0202  -0.0000  -0.0000  -0.0000   1.0243  -0.0000  -0.0000  -0.0000   0.9569
         EIGNVAL   1.0202   1.0243   0.9569
         EIGNVEC   1.0000  -0.0000   0.0000   0.0000   1.0000   0.0000  -0.0000  -0.0000   1.0000

*******   STEP  34      *** NEFF=10 CALCULATION                
IPH=  0  FIJPH     1.0208   0.0000   0.0000   0.0000   1.0250   0.0000   0.0000   0.0000   0.9556
         EIGNVAL   1.0208   1.0250   0.9556
         EIGNVEC   1.0000   0.0000   0.0000   0.0000   1.0000   0.0000   0.0000   0.0000   1.0000
IPH=  1  FIJPH     1.0209  -0.0000  -0.0000  -0.0000   1.0250  -0.0000  -0.0000  -0.0000   0.9556
         EIGNVAL   1.0209   1.0250   0.9556
         EIGNVEC   1.0000  -0.0000   0.0000   0.0000   1.0000   0.0000  -0.0000  -0.0000   1.0000

*******   STEP  35      *** NEFF=10 CALCULATION                
IPH=  0  FIJPH     1.0215   0.0000   0.0000   0.0000   1.0257   0.0000   0.0000   0.0000   0.9544
         EIGNVAL   1.0215   1.0257   0.9544
         EIGNVEC   1.0000   0.0000   0.0000   0.0000   1.0000   0.0000   0.0000   0.0000   1.0000
IPH=  1  FIJPH     1.0215  -0.0000  -0.0000  -0.0000   1.0258  -0.0000  -0.0000  -0.0000   0.9544
         EIGNVAL   1.0215   1.0258   0.9544
         EIGNVEC   1.0000  -0.0000   0.0000   0.0000   1.0000   0.0000  -0.0000  -0.0000   1.0000

*******   STEP  36      *** NEFF=10 CALCULATION                
IPH=  0  FIJPH     1.0221   0.0000   0.0000   0.0000   1.0265   0.0000   0.0000   0.0000   0.9531
         EIGNVAL   1.0221   1.0265   0.9531
         EIGNVEC   1.0000   0.0000   0.0000   0.0000   1.0000   0.0000   0.0000   0.0000   1.0000
IPH=  1  FIJPH     1.0221  -0.0000  -0.0000  -0.0000   1.0265  -0.0000  -0.0000  -0.0000   0.9531
         EIGNVAL   1.0221   1.0265   0.9531
         EIGNVEC   1.0000  -0.0000   0.0000   0.0000   1.0000   0.0000  -0.0000  -0.0000   1.0000

*******   STEP  37      *** NEFF=10 CALCULATION                
IPH=  0  FIJPH     1.0227   0.0000   0.0000   0.0000   1.0272   0.0000   0.0000   0.0000   0.9518
         EIGNVAL   1.0227   1.0272   0.9518
         EIGNVEC   1.0000   0.0000   0.0000   0.0000   1.0000   0.0000   0.0000   0.0000   1.0000
IPH=  1  FIJPH     1.0227  -0.0000  -0.0000  -0.0000   1.0273  -0.0000  -0.0000  -0.0000   0.9518
         EIGNVAL   1.0227   1.0273   0.9518
         EIGNVEC   1.0000  -0.0000   0.0000   0.0000   1.0000   0.0000  -0.0000  -0.0000   1.0000

*******   STEP  38      *** NEFF=10 CALCULATION                
IPH=  0  FIJPH     1.0233   0.0000   0.0000   0.0000   1.0280   0.0000   0.0000   0.0000   0.9506
         EIGNVAL   1.0233   1.0280   0.9506
         EIGNVEC   1.0000   0.0000   0.0000   0.0000   1.0000   0.0000   0.0000   0.0000   1.0000
IPH=  1  FIJPH     1.0233  -0.0000  -0.0000  -0.0000   1.0280  -0.0000  -0.0000  -0.0000   0.9505
         EIGNVAL   1.0233   1.0280   0.9505
         EIGNVEC   1.0000  -0.0000   0.0000   0.0000   1.0000   0.0000  -0.0000  -0.0000   1.0000

*******   STEP  39      *** NEFF=10 CALCULATION                
IPH=  0  FIJPH     1.0239   0.0000   0.0000   0.0000   1.0287   0.0000   0.0000   0.0000   0.9493
         EIGNVAL   1.0239   1.0287   0.9493
         EIGNVEC   1.0000   0.0000   0.0000   0.0000   1.0000   0.0000   0.0000   0.0000   1.0000
IPH=  1  FIJPH     1.0239  -0.0000  -0.0000  -0.0000   1.0288  -0.0000  -0.0000  -0.0000   0.9493
         EIGNVAL   1.0239   1.0288   0.9493
         EIGNVEC   1.0000  -0.0000   0.0000   0.0000   1.0000   0.0000  -0.0000  -0.0000   1.0000

*******   STEP  40      *** NEFF=10 CALCULATION                
IPH=  0  FIJPH     1.0245   0.0000   0.0000   0.0000   1.0295   0.0000   0.0000   0.0000   0.9480
         EIGNVAL   1.0245   1.0295   0.9480
         EIGNVEC   1.0000   0.0000   0.0000   0.0000   1.0000   0.0000   0.0000   0.0000   1.0000
IPH=  1  FIJPH     1.0246  -0.0000  -0.0000  -0.0000   1.0295  -0.0000  -0.0000  -0.0000   0.9480
         EIGNVAL   1.0246   1.0295   0.9480
         EIGNVEC   1.0000  -0.0000   0.0000   0.0000   1.0000   0.0000  -0.0000  -0.0000   1.0000

*******   STEP  41      *** NEFF=10 CALCULATION                
IPH=  0  FIJPH     1.0252   0.0000   0.0000   0.0000   1.0302   0.0000   0.0000   0.0000   0.9468
         EIGNVAL   1.0252   1.0302   0.9468
         EIGNVEC   1.0000   0.0000   0.0000   0.0000   1.0000   0.0000   0.0000   0.0000   1.0000
IPH=  1  FIJPH     1.0252  -0.0000  -0.0000  -0.0000   1.0303  -0.0000  -0.0000  -0.0000   0.9467
         EIGNVAL   1.0252   1.0303   0.9467
         EIGNVEC   1.0000  -0.0000   0.0000   0.0000   1.0000   0.0000  -0.0000  -0.0000   1.0000

*******   STEP  42      *** NEFF=10 CALCULATION                
IPH=  0  FIJPH     1.0258   0.0000   0.0000   0.0000   1.0310   0.0000   0.0000   0.0000   0.9455
         EIGNVAL   1.0258   1.0310   0.9455
         EIGNVEC   1.0000   0.0000   0.0000   0.0000   1.0000   0.0000   0.0000   0.0000   1.0000
IPH=  1  FIJPH     1.0258  -0.0000  -0.0000  -0.0000   1.0310  -0.0000  -0.0000  -0.0000   0.9455
         EIGNVAL   1.0258   1.0310   0.9455
         EIGNVEC   1.0000  -0.0000   0.0000   0.0000   1.0000   0.0000  -0.0000  -0.0000   1.0000

*******   STEP  43      *** NEFF=10 CALCULATION                
IPH=  0  FIJPH     1.0264   0.0000   0.0000   0.0000   1.0318   0.0000   0.0000   0.0000   0.9442
         EIGNVAL   1.0264   1.0318   0.9442
         EIGNVEC   1.0000   0.0000   0.0000   0.0000   1.0000   0.0000   0.0000   0.0000   1.0000
IPH=  1  FIJPH     1.0264  -0.0000  -0.0000  -0.0000   1.0318  -0.0000  -0.0000  -0.0000   0.9442
         EIGNVAL   1.0264   1.0318   0.9442
         EIGNVEC   1.0000  -0.0001   0.0000   0.0001   1.0000   0.0000  -0.0000  -0.0000   1.0000

*******   STEP  44      *** NEFF=10 CALCULATION                
IPH=  0  FIJPH     1.0270   0.0000   0.0000   0.0000   1.0325   0.0000   0.0000   0.0000   0.9430
         EIGNVAL   1.0270   1.0325   0.9430
         EIGNVEC   1.0000   0.0000   0.0000   0.0000   1.0000   0.0000   0.0000   0.0000   1.0000
IPH=  1  FIJPH     1.0270  -0.0000  -0.0000  -0.0000   1.0325  -0.0000  -0.0000  -0.0000   0.9430
         EIGNVAL   1.0270   1.0325   0.9430
         EIGNVEC   1.0000  -0.0001   0.0000   0.0001   1.0000   0.0000  -0.0000  -0.0000   1.0000

*******   STEP  45      *** NEFF=10 CALCULATION                
IPH=  0  FIJPH     1.0276   0.0000   0.0000   0.0000   1.0333   0.0000   0.0000   0.0000   0.9417
         EIGNVAL   1.0276   1.0333   0.9417
         EIGNVEC   1.0000   0.0000   0.0000   0.0000   1.0000   0.0000   0.0000   0.0000   1.0000
IPH=  1  FIJPH     1.0276  -0.0000  -0.0000  -0.0000   1.0333  -0.0000  -0.0000  -0.0000   0.9417
         EIGNVAL   1.0276   1.0333   0.9417
         EIGNVEC   1.0000  -0.0001   0.0000   0.0001   1.0000   0.0000  -0.0000  -0.0000   1.0000

*******   STEP  46      *** NEFF=10 CALCULATION                
IPH=  0  FIJPH     1.0283   0.0000   0.0000   0.0000   1.0340   0.0000   0.0000   0.0000   0.9405
         EIGNVAL   1.0283   1.0340   0.9405
         EIGNVEC   1.0000   0.0000   0.0000   0.0000   1.0000   0.0000   0.0000   0.0000   1.0000
IPH=  1  FIJPH     1.0283  -0.0000  -0.0000  -0.0000   1.0340  -0.0000  -0.0000  -0.0000   0.9404
         EIGNVAL   1.0283   1.0340   0.9404
         EIGNVEC   1.0000  -0.0001   0.0000   0.0001   1.0000   0.0000  -0.0000  -0.0000   1.0000

*******   STEP  47      *** NEFF=10 CALCULATION                
IPH=  0  FIJPH     1.0289   0.0000   0.0000   0.0000   1.0348   0.0000   0.0000   0.0000   0.9392
         EIGNVAL   1.0289   1.0348   0.9392
         EIGNVEC   1.0000   0.0000   0.0000   0.0000   1.0000   0.0000   0.0000   0.0000   1.0000
IPH=  1  FIJPH     1.0289  -0.0000  -0.0000  -0.0000   1.0348  -0.0000  -0.0000  -0.0000   0.9392
         EIGNVAL   1.0289   1.0348   0.9392
         EIGNVEC   1.0000  -0.0001   0.0000   0.0001   1.0000   0.0000  -0.0000  -0.0000   1.0000

*******   STEP  48      *** NEFF=10 CALCULATION                
IPH=  0  FIJPH     1.0295   0.0000   0.0000   0.0000   1.0355   0.0000   0.0000   0.0000   0.9380
         EIGNVAL   1.0295   1.0355   0.9380
         EIGNVEC   1.0000   0.0000   0.0000   0.0000   1.0000   0.0000   0.0000   0.0000   1.0000
IPH=  1  FIJPH     1.0295  -0.0000  -0.0000  -0.0000   1.0355  -0.0000  -0.0000  -0.0000   0.9379
         EIGNVAL   1.0295   1.0355   0.9379
         EIGNVEC   1.0000  -0.0001   0.0000   0.0001   1.0000   0.0000  -0.0000  -0.0000   1.0000

*******   STEP  49      *** NEFF=10 CALCULATION                
IPH=  0  FIJPH     1.0301   0.0000   0.0000   0.0000   1.0363   0.0000   0.0000   0.0000   0.9367
         EIGNVAL   1.0301   1.0363   0.9367
         EIGNVEC   1.0000   0.0000   0.0000   0.0000   1.0000   0.0000   0.0000   0.0000   1.0000
IPH=  1  FIJPH     1.0301  -0.0000  -0.0000  -0.0000   1.0363  -0.0000  -0.0000  -0.0000   0.9367
         EIGNVAL   1.0301   1.0363   0.9367
         EIGNVEC   1.0000  -0.0001   0.0000   0.0001   1.0000   0.0000  -0.0000  -0.0000   1.0000

*******   STEP  50      *** NEFF=10 CALCULATION                
IPH=  0  FIJPH     1.0307   0.0000   0.0000   0.0000   1.0370   0.0000   0.0000   0.0000   0.9355
         EIGNVAL   1.0307   1.0370   0.9355
         EIGNVEC   1.0000   0.0000   0.0000   0.0000   1.0000   0.0000   0.0000   0.0000   1.0000
IPH=  1  FIJPH     1.0307  -0.0000  -0.0000  -0.0000   1.0371  -0.0000  -0.0000  -0.0000   0.9354
         EIGNVAL   1.0307   1.0371   0.9354
         EIGNVEC   1.0000  -0.0001   0.0000   0.0001   1.0000   0.0000  -0.0000  -0.0000   1.0000

*******   STEP  51      *** NEFF=10 CALCULATION                
IPH=  0  FIJPH     1.0313   0.0000   0.0000   0.0000   1.0378   0.0000   0.0000   0.0000   0.9342
         EIGNVAL   1.0313   1.0378   0.9342
         EIGNVEC   1.0000   0.0000   0.0000   0.0000   1.0000   0.0000   0.0000   0.0000   1.0000
IPH=  1  FIJPH     1.0314  -0.0000  -0.0000  -0.0000   1.0378  -0.0000  -0.0000  -0.0000   0.9342
         EIGNVAL   1.0314   1.0378   0.9342
         EIGNVEC   1.0000  -0.0001   0.0000   0.0001   1.0000   0.0000  -0.0000  -0.0000   1.0000

*******   STEP  52      *** NEFF=10 CALCULATION                
IPH=  0  FIJPH     1.0320   0.0000   0.0000   0.0000   1.0386   0.0000   0.0000   0.0000   0.9330
         EIGNVAL   1.0320   1.0386   0.9330
         EIGNVEC   1.0000   0.0000   0.0000   0.0000   1.0000   0.0000   0.0000   0.0000   1.0000
IPH=  1  FIJPH     1.0320  -0.0000  -0.0000  -0.0000   1.0386  -0.0000  -0.0000  -0.0000   0.9329
         EIGNVAL   1.0320   1.0386   0.9329
         EIGNVEC   1.0000  -0.0001   0.0000   0.0001   1.0000   0.0000  -0.0000  -0.0000   1.0000

*******   STEP  53      *** NEFF=10 CALCULATION                
IPH=  0  FIJPH     1.0326   0.0000   0.0000   0.0000   1.0393   0.0000   0.0000   0.0000   0.9317
         EIGNVAL   1.0326   1.0393   0.9317
         EIGNVEC   1.0000   0.0000   0.0000   0.0000   1.0000   0.0000   0.0000   0.0000   1.0000
IPH=  1  FIJPH     1.0326  -0.0000  -0.0000  -0.0000   1.0393  -0.0000  -0.0000  -0.0000   0.9317
         EIGNVAL   1.0326   1.0393   0.9317
         EIGNVEC   1.0000  -0.0001   0.0000   0.0001   1.0000   0.0000  -0.0000  -0.0000   1.0000

*******   STEP  54      *** NEFF=10 CALCULATION                
IPH=  0  FIJPH     1.0332   0.0000   0.0000   0.0000   1.0401   0.0000   0.0000   0.0000   0.9305
         EIGNVAL   1.0332   1.0401   0.9305
         EIGNVEC   1.0000   0.0000   0.0000   0.0000   1.0000   0.0000   0.0000   0.0000   1.0000
IPH=  1  FIJPH     1.0332  -0.0000  -0.0000  -0.0000   1.0401  -0.0000  -0.0000  -0.0000   0.9305
         EIGNVAL   1.0332   1.0401   0.9305
         EIGNVEC   1.0000  -0.0001   0.0000   0.0001   1.0000   0.0000  -0.0000  -0.0000   1.0000

*******   STEP  55      *** NEFF=10 CALCULATION                
IPH=  0  FIJPH     1.0338   0.0000   0.0000   0.0000   1.0408   0.0000   0.0000   0.0000   0.9292
         EIGNVAL   1.0338   1.0408   0.9292
         EIGNVEC   1.0000   0.0000   0.0000   0.0000   1.0000   0.0000   0.0000   0.0000   1.0000
IPH=  1  FIJPH     1.0338  -0.0000  -0.0000  -0.0000   1.0409  -0.0000  -0.0000  -0.0000   0.9292
         EIGNVAL   1.0338   1.0409   0.9292
         EIGNVEC   1.0000  -0.0001   0.0000   0.0001   1.0000   0.0000  -0.0000  -0.0000   1.0000

*******   STEP  56      *** NEFF=10 CALCULATION                
IPH=  0  FIJPH     1.0345   0.0000   0.0000   0.0000   1.0416   0.0000   0.0000   0.0000   0.9280
         EIGNVAL   1.0345   1.0416   0.9280
         EIGNVEC   1.0000   0.0000   0.0000   0.0000   1.0000   0.0000   0.0000   0.0000   1.0000
IPH=  1  FIJPH     1.0345  -0.0000  -0.0000  -0.0000   1.0416  -0.0000  -0.0000  -0.0000   0.9280
         EIGNVAL   1.0345   1.0416   0.9280
         EIGNVEC   1.0000  -0.0001   0.0000   0.0001   1.0000   0.0000  -0.0000  -0.0000   1.0000

*******   STEP  57      *** NEFF=10 CALCULATION                
IPH=  0  FIJPH     1.0351   0.0000   0.0000   0.0000   1.0424   0.0000   0.0000   0.0000   0.9268
         EIGNVAL   1.0351   1.0424   0.9268
         EIGNVEC   1.0000   0.0000   0.0000   0.0000   1.0000   0.0000   0.0000   0.0000   1.0000
IPH=  1  FIJPH     1.0351  -0.0000  -0.0000  -0.0000   1.0424  -0.0000  -0.0000  -0.0000   0.9267
         EIGNVAL   1.0351   1.0424   0.9267
         EIGNVEC   1.0000  -0.0001   0.0000   0.0001   1.0000   0.0000  -0.0000  -0.0000   1.0000

*******   STEP  58      *** NEFF=10 CALCULATION                
IPH=  0  FIJPH     1.0357   0.0000   0.0000   0.0000   1.0431   0.0000   0.0000   0.0000   0.9255
         EIGNVAL   1.0357   1.0431   0.9255
         EIGNVEC   1.0000   0.0000   0.0000   0.0000   1.0000   0.0000   0.0000   0.0000   1.0000
IPH=  1  FIJPH     1.0357  -0.0000  -0.0000  -0.0000   1.0432  -0.0000  -0.0000  -0.0000   0.9255
         EIGNVAL   1.0357   1.0432   0.9255
         EIGNVEC   1.0000  -0.0001   0.0000   0.0001   1.0000   0.0000  -0.0000  -0.0000   1.0000

*******   STEP  59      *** NEFF=10 CALCULATION                
IPH=  0  FIJPH     1.0363   0.0000   0.0000   0.0000   1.0439   0.0000   0.0000   0.0000   0.9243
         EIGNVAL   1.0363   1.0439   0.9243
         EIGNVEC   1.0000   0.0000   0.0000   0.0000   1.0000   0.0000   0.0000   0.0000   1.0000
IPH=  1  FIJPH     1.0363  -0.0000  -0.0000  -0.0000   1.0439  -0.0000  -0.0000  -0.0000   0.9243
         EIGNVAL   1.0363   1.0439   0.9243
         EIGNVEC   1.0000  -0.0001   0.0000   0.0001   1.0000   0.0000  -0.0000  -0.0000   1.0000

*******   STEP  60      *** NEFF=10 CALCULATION                
IPH=  0  FIJPH     1.0369   0.0000   0.0000   0.0000   1.0447   0.0000   0.0000   0.0000   0.9231
         EIGNVAL   1.0369   1.0447   0.9231
         EIGNVEC   1.0000   0.0000   0.0000   0.0000   1.0000   0.0000   0.0000   0.0000   1.0000
IPH=  1  FIJPH     1.0370  -0.0000  -0.0000  -0.0000   1.0447  -0.0000  -0.0000  -0.0000   0.9230
         EIGNVAL   1.0370   1.0447   0.9230
         EIGNVEC   1.0000  -0.0001   0.0000   0.0001   1.0000   0.0000  -0.0000  -0.0000   1.0000

*******   STEP  61      *** NEFF=10 CALCULATION                
IPH=  0  FIJPH     1.0376   0.0000   0.0000   0.0000   1.0454   0.0000   0.0000   0.0000   0.9218
         EIGNVAL   1.0376   1.0454   0.9218
         EIGNVEC   1.0000   0.0000   0.0000   0.0000   1.0000   0.0000   0.0000   0.0000   1.0000
IPH=  1  FIJPH     1.0376  -0.0000  -0.0000  -0.0000   1.0455  -0.0000  -0.0000  -0.0000   0.9218
         EIGNVAL   1.0376   1.0455   0.9218
         EIGNVEC   1.0000  -0.0001   0.0000   0.0001   1.0000   0.0000  -0.0000  -0.0000   1.0000

*******   STEP  62      *** NEFF=10 CALCULATION                
IPH=  0  FIJPH     1.0382   0.0000   0.0000   0.0000   1.0462   0.0000   0.0000   0.0000   0.9206
         EIGNVAL   1.0382   1.0462   0.9206
         EIGNVEC   1.0000   0.0000   0.0000   0.0000   1.0000   0.0000   0.0000   0.0000   1.0000
IPH=  1  FIJPH     1.0382  -0.0000  -0.0000  -0.0000   1.0462  -0.0000  -0.0000  -0.0000   0.9206
         EIGNVAL   1.0382   1.0462   0.9206
         EIGNVEC   1.0000  -0.0001   0.0000   0.0001   1.0000   0.0000  -0.0000  -0.0000   1.0000

*******   STEP  63      *** NEFF=10 CALCULATION                
IPH=  0  FIJPH     1.0388   0.0000   0.0000   0.0000   1.0470   0.0000   0.0000   0.0000   0.9194
         EIGNVAL   1.0388   1.0470   0.9194
         EIGNVEC   1.0000   0.0000   0.0000   0.0000   1.0000   0.0000   0.0000   0.0000   1.0000
IPH=  1  FIJPH     1.0388  -0.0000  -0.0000  -0.0000   1.0470  -0.0000  -0.0000  -0.0000   0.9193
         EIGNVAL   1.0388   1.0470   0.9193
         EIGNVEC   1.0000  -0.0001   0.0000   0.0001   1.0000   0.0000  -0.0000  -0.0000   1.0000

*******   STEP  64      *** NEFF=10 CALCULATION                
IPH=  0  FIJPH     1.0394   0.0000   0.0000   0.0000   1.0477   0.0000   0.0000   0.0000   0.9182
         EIGNVAL   1.0394   1.0477   0.9182
         EIGNVEC   1.0000   0.0000   0.0000   0.0000   1.0000   0.0000   0.0000   0.0000   1.0000
IPH=  1  FIJPH     1.0394  -0.0000  -0.0000  -0.0000   1.0478  -0.0000  -0.0000  -0.0000   0.9181
         EIGNVAL   1.0394   1.0478   0.9181
         EIGNVEC   1.0000  -0.0001   0.0000   0.0001   1.0000   0.0000  -0.0000  -0.0000   1.0000

*******   STEP  65      *** NEFF=10 CALCULATION                
IPH=  0  FIJPH     1.0400   0.0000   0.0000   0.0000   1.0485   0.0000   0.0000   0.0000   0.9169
         EIGNVAL   1.0400   1.0485   0.9169
         EIGNVEC   1.0000   0.0000   0.0000   0.0000   1.0000   0.0000   0.0000   0.0000   1.0000
IPH=  1  FIJPH     1.0401  -0.0000  -0.0000  -0.0000   1.0485  -0.0000  -0.0000  -0.0000   0.9169
         EIGNVAL   1.0401   1.0485   0.9169
         EIGNVEC   1.0000  -0.0001   0.0000   0.0001   1.0000   0.0000  -0.0000  -0.0000   1.0000

*******   STEP  66      *** NEFF=10 CALCULATION                
IPH=  0  FIJPH     1.0407   0.0000   0.0000   0.0000   1.0493   0.0000   0.0000   0.0000   0.9157
         EIGNVAL   1.0407   1.0493   0.9157
         EIGNVEC   1.0000   0.0000   0.0000   0.0000   1.0000   0.0000   0.0000   0.0000   1.0000
IPH=  1  FIJPH     1.0407  -0.0000  -0.0000  -0.0000   1.0493  -0.0000  -0.0000  -0.0000   0.9157
         EIGNVAL   1.0407   1.0493   0.9157
         EIGNVEC   1.0000  -0.0001   0.0000   0.0001   1.0000   0.0000  -0.0000  -0.0000   1.0000

*******   STEP  67      *** NEFF=10 CALCULATION                
IPH=  0  FIJPH     1.0413   0.0000   0.0000   0.0000   1.0501   0.0000   0.0000   0.0000   0.9145
         EIGNVAL   1.0413   1.0501   0.9145
         EIGNVEC   1.0000   0.0000   0.0000   0.0000   1.0000   0.0000   0.0000   0.0000   1.0000
IPH=  1  FIJPH     1.0413  -0.0000  -0.0000  -0.0000   1.0501  -0.0000  -0.0000  -0.0000   0.9144
         EIGNVAL   1.0413   1.0501   0.9144
         EIGNVEC   1.0000  -0.0001   0.0000   0.0001   1.0000   0.0000  -0.0000  -0.0000   1.0000

*******   STEP  68      *** NEFF=10 CALCULATION                
IPH=  0  FIJPH     1.0419   0.0000   0.0000   0.0000   1.0508   0.0000   0.0000   0.0000   0.9133
         EIGNVAL   1.0419   1.0508   0.9133
         EIGNVEC   1.0000   0.0000   0.0000   0.0000   1.0000   0.0000   0.0000   0.0000   1.0000
IPH=  1  FIJPH     1.0419  -0.0000  -0.0000  -0.0000   1.0508  -0.0000  -0.0000  -0.0000   0.9132
         EIGNVAL   1.0419   1.0508   0.9132
         EIGNVEC   1.0000  -0.0001   0.0000   0.0001   1.0000   0.0000  -0.0000  -0.0000   1.0000

*******   STEP  69      *** NEFF=10 CALCULATION                
IPH=  0  FIJPH     1.0425   0.0000   0.0000   0.0000   1.0516   0.0000   0.0000   0.0000   0.9120
         EIGNVAL   1.0425   1.0516   0.9120
         EIGNVEC   1.0000   0.0000   0.0000   0.0000   1.0000   0.0000   0.0000   0.0000   1.0000
IPH=  1  FIJPH     1.0426  -0.0000  -0.0000  -0.0000   1.0516  -0.0000  -0.0000  -0.0000   0.9120
         EIGNVAL   1.0426   1.0516   0.9120
         EIGNVEC   1.0000  -0.0001   0.0000   0.0001   1.0000   0.0000  -0.0000  -0.0000   1.0000

*******   STEP  70      *** NEFF=10 CALCULATION                
IPH=  0  FIJPH     1.0432   0.0000   0.0000   0.0000   1.0524   0.0000   0.0000   0.0000   0.9108
         EIGNVAL   1.0432   1.0524   0.9108
         EIGNVEC   1.0000   0.0000   0.0000   0.0000   1.0000   0.0000   0.0000   0.0000   1.0000
IPH=  1  FIJPH     1.0432  -0.0000  -0.0000  -0.0000   1.0524  -0.0000  -0.0000  -0.0000   0.9108
         EIGNVAL   1.0432   1.0524   0.9108
         EIGNVEC   1.0000  -0.0001   0.0000   0.0001   1.0000   0.0000  -0.0000  -0.0000   1.0000

*******   STEP  71      *** NEFF=10 CALCULATION                
IPH=  0  FIJPH     1.0438   0.0000   0.0000   0.0000   1.0531   0.0000   0.0000   0.0000   0.9096
         EIGNVAL   1.0438   1.0531   0.9096
         EIGNVEC   1.0000   0.0000   0.0000   0.0000   1.0000   0.0000   0.0000   0.0000   1.0000
IPH=  1  FIJPH     1.0438  -0.0000  -0.0000  -0.0000   1.0532  -0.0000  -0.0000  -0.0000   0.9096
         EIGNVAL   1.0438   1.0532   0.9096
         EIGNVEC   1.0000  -0.0001   0.0000   0.0001   1.0000   0.0000  -0.0000  -0.0000   1.0000

*******   STEP  72      *** NEFF=10 CALCULATION                
IPH=  0  FIJPH     1.0444   0.0000   0.0000   0.0000   1.0539   0.0000   0.0000   0.0000   0.9084
         EIGNVAL   1.0444   1.0539   0.9084
         EIGNVEC   1.0000   0.0000   0.0000   0.0000   1.0000   0.0000   0.0000   0.0000   1.0000
IPH=  1  FIJPH     1.0444  -0.0000  -0.0000  -0.0000   1.0539  -0.0000  -0.0000  -0.0000   0.9084
         EIGNVAL   1.0444   1.0539   0.9084
         EIGNVEC   1.0000  -0.0001   0.0000   0.0001   1.0000   0.0000  -0.0000  -0.0000   1.0000

*******   STEP  73      *** NEFF=10 CALCULATION                
IPH=  0  FIJPH     1.0450   0.0000   0.0000   0.0000   1.0547   0.0000   0.0000   0.0000   0.9072
         EIGNVAL   1.0450   1.0547   0.9072
         EIGNVEC   1.0000   0.0000   0.0000   0.0000   1.0000   0.0000   0.0000   0.0000   1.0000
IPH=  1  FIJPH     1.0451  -0.0000  -0.0000  -0.0000   1.0547  -0.0000  -0.0000  -0.0000   0.9072
         EIGNVAL   1.0451   1.0547   0.9072
         EIGNVEC   1.0000  -0.0001   0.0000   0.0001   1.0000   0.0000  -0.0000  -0.0000   1.0000

*******   STEP  74      *** NEFF=10 CALCULATION                
IPH=  0  FIJPH     1.0457   0.0000   0.0000   0.0000   1.0555   0.0000   0.0000   0.0000   0.9060
         EIGNVAL   1.0457   1.0555   0.9060
         EIGNVEC   1.0000   0.0000   0.0000   0.0000   1.0000   0.0000   0.0000   0.0000   1.0000
IPH=  1  FIJPH     1.0457  -0.0000  -0.0000  -0.0000   1.0555  -0.0000  -0.0000  -0.0000   0.9059
         EIGNVAL   1.0457   1.0555   0.9059
         EIGNVEC   1.0000  -0.0001   0.0000   0.0001   1.0000   0.0000  -0.0000  -0.0000   1.0000

*******   STEP  75      *** NEFF=10 CALCULATION                
IPH=  0  FIJPH     1.0463   0.0000   0.0000   0.0000   1.0562   0.0000   0.0000   0.0000   0.9048
         EIGNVAL   1.0463   1.0562   0.9048
         EIGNVEC   1.0000   0.0000   0.0000   0.0000   1.0000   0.0000   0.0000   0.0000   1.0000
IPH=  1  FIJPH     1.0463  -0.0000  -0.0000  -0.0000   1.0563  -0.0000  -0.0000  -0.0000   0.9047
         EIGNVAL   1.0463   1.0563   0.9047
         EIGNVEC   1.0000  -0.0001   0.0000   0.0001   1.0000   0.0000  -0.0000  -0.0000   1.0000

*******   STEP  76      *** NEFF=10 CALCULATION                
IPH=  0  FIJPH     1.0469   0.0000   0.0000   0.0000   1.0570   0.0000   0.0000   0.0000   0.9036
         EIGNVAL   1.0469   1.0570   0.9036
         EIGNVEC   1.0000   0.0000   0.0000   0.0000   1.0000   0.0000   0.0000   0.0000   1.0000
IPH=  1  FIJPH     1.0469  -0.0000  -0.0000  -0.0000   1.0570  -0.0000  -0.0000  -0.0000   0.9035
         EIGNVAL   1.0469   1.0570   0.9035
         EIGNVEC   1.0000  -0.0001   0.0000   0.0001   1.0000   0.0000  -0.0000  -0.0000   1.0000

*******   STEP  77      *** NEFF=10 CALCULATION                
IPH=  0  FIJPH     1.0475   0.0000   0.0000   0.0000   1.0578   0.0000   0.0000   0.0000   0.9024
         EIGNVAL   1.0475   1.0578   0.9024
         EIGNVEC   1.0000   0.0000   0.0000   0.0000   1.0000   0.0000   0.0000   0.0000   1.0000
IPH=  1  FIJPH     1.0476  -0.0000  -0.0000  -0.0000   1.0578  -0.0000  -0.0000  -0.0000   0.9023
         EIGNVAL   1.0476   1.0578   0.9023
         EIGNVEC   1.0000  -0.0001   0.0000   0.0001   1.0000   0.0000  -0.0000  -0.0000   1.0000

*******   STEP  78      *** NEFF=10 CALCULATION                
IPH=  0  FIJPH     1.0482   0.0000   0.0000   0.0000   1.0586   0.0000   0.0000   0.0000   0.9012
         EIGNVAL   1.0482   1.0586   0.9012
         EIGNVEC   1.0000   0.0000   0.0000   0.0000   1.0000   0.0000   0.0000   0.0000   1.0000
IPH=  1  FIJPH     1.0482  -0.0000  -0.0000  -0.0000   1.0586  -0.0000  -0.0000  -0.0000   0.9011
         EIGNVAL   1.0482   1.0586   0.9011
         EIGNVEC   1.0000  -0.0001   0.0000   0.0001   1.0000   0.0000  -0.0000  -0.0000   1.0000

*******   STEP  79      *** NEFF=10 CALCULATION                
IPH=  0  FIJPH     1.0488   0.0000   0.0000   0.0000   1.0594   0.0000   0.0000   0.0000   0.9000
         EIGNVAL   1.0488   1.0594   0.9000
         EIGNVEC   1.0000   0.0000   0.0000   0.0000   1.0000   0.0000   0.0000   0.0000   1.0000
IPH=  1  FIJPH     1.0488  -0.0000  -0.0000  -0.0000   1.0594  -0.0000  -0.0000  -0.0000   0.8999
         EIGNVAL   1.0488   1.0594   0.8999
         EIGNVEC   1.0000  -0.0001   0.0000   0.0001   1.0000   0.0000  -0.0000  -0.0000   1.0000

*******   STEP  80      *** NEFF=10 CALCULATION                
IPH=  0  FIJPH     1.0494   0.0000   0.0000   0.0000   1.0601   0.0000   0.0000   0.0000   0.8988
         EIGNVAL   1.0494   1.0601   0.8988
         EIGNVEC   1.0000   0.0000   0.0000   0.0000   1.0000   0.0000   0.0000   0.0000   1.0000
IPH=  1  FIJPH     1.0494  -0.0000  -0.0000  -0.0000   1.0602  -0.0000  -0.0000  -0.0000   0.8987
         EIGNVAL   1.0494   1.0602   0.8987
         EIGNVEC   1.0000  -0.0001   0.0000   0.0001   1.0000   0.0000  -0.0000  -0.0000   1.0000

*******   STEP  81      *** NEFF=10 CALCULATION                
IPH=  0  FIJPH     1.0500   0.0000   0.0000   0.0000   1.0609   0.0000   0.0000   0.0000   0.8976
         EIGNVAL   1.0500   1.0609   0.8976
         EIGNVEC   1.0000   0.0000   0.0000   0.0000   1.0000   0.0000   0.0000   0.0000   1.0000
IPH=  1  FIJPH     1.0501  -0.0000  -0.0000  -0.0000   1.0609  -0.0000  -0.0000  -0.0000   0.8975
         EIGNVAL   1.0501   1.0609   0.8975
         EIGNVEC   1.0000  -0.0001   0.0000   0.0001   1.0000   0.0000  -0.0000  -0.0000   1.0000

*******   STEP  82      *** NEFF=10 CALCULATION                
IPH=  0  FIJPH     1.0507   0.0000   0.0000   0.0000   1.0617   0.0000   0.0000   0.0000   0.8964
         EIGNVAL   1.0507   1.0617   0.8964
         EIGNVEC   1.0000   0.0000   0.0000   0.0000   1.0000   0.0000   0.0000   0.0000   1.0000
IPH=  1  FIJPH     1.0507  -0.0000  -0.0000  -0.0000   1.0617  -0.0000  -0.0000  -0.0000   0.8963
         EIGNVAL   1.0507   1.0617   0.8963
         EIGNVEC   1.0000  -0.0001   0.0000   0.0001   1.0000   0.0000  -0.0000  -0.0000   1.0000

*******   STEP  83      *** NEFF=10 CALCULATION                
IPH=  0  FIJPH     1.0513   0.0000   0.0000   0.0000   1.0625   0.0000   0.0000   0.0000   0.8952
         EIGNVAL   1.0513   1.0625   0.8952
         EIGNVEC   1.0000   0.0000   0.0000   0.0000   1.0000   0.0000   0.0000   0.0000   1.0000
IPH=  1  FIJPH     1.0513  -0.0000  -0.0000  -0.0000   1.0625  -0.0000  -0.0000  -0.0000   0.8951
         EIGNVAL   1.0513   1.0625   0.8951
         EIGNVEC   1.0000  -0.0001   0.0000   0.0001   1.0000   0.0000  -0.0000  -0.0000   1.0000

*******   STEP  84      *** NEFF=10 CALCULATION                
IPH=  0  FIJPH     1.0519   0.0000   0.0000   0.0000   1.0633   0.0000   0.0000   0.0000   0.8940
         EIGNVAL   1.0519   1.0633   0.8940
         EIGNVEC   1.0000   0.0000   0.0000   0.0000   1.0000   0.0000   0.0000   0.0000   1.0000
IPH=  1  FIJPH     1.0519  -0.0000  -0.0000  -0.0000   1.0633  -0.0000  -0.0000  -0.0000   0.8939
         EIGNVAL   1.0519   1.0633   0.8939
         EIGNVEC   1.0000  -0.0001   0.0000   0.0001   1.0000   0.0000  -0.0000  -0.0000   1.0000

*******   STEP  85      *** NEFF=10 CALCULATION                
IPH=  0  FIJPH     1.0525   0.0000   0.0000   0.0000   1.0640   0.0000   0.0000   0.0000   0.8928
         EIGNVAL   1.0525   1.0640   0.8928
         EIGNVEC   1.0000   0.0000   0.0000   0.0000   1.0000   0.0000   0.0000   0.0000   1.0000
IPH=  1  FIJPH     1.0526  -0.0000  -0.0000  -0.0000   1.0641  -0.0000  -0.0000  -0.0000   0.8927
         EIGNVAL   1.0526   1.0641   0.8927
         EIGNVEC   1.0000  -0.0001   0.0000   0.0001   1.0000   0.0000  -0.0000  -0.0000   1.0000

*******   STEP  86      *** NEFF=10 CALCULATION                
IPH=  0  FIJPH     1.0532   0.0000   0.0000   0.0000   1.0648   0.0000   0.0000   0.0000   0.8916
         EIGNVAL   1.0532   1.0648   0.8916
         EIGNVEC   1.0000   0.0000   0.0000   0.0000   1.0000   0.0000   0.0000   0.0000   1.0000
IPH=  1  FIJPH     1.0532  -0.0000  -0.0000  -0.0000   1.0649  -0.0000  -0.0000  -0.0000   0.8915
         EIGNVAL   1.0532   1.0649   0.8915
         EIGNVEC   1.0000  -0.0001   0.0000   0.0001   1.0000   0.0000  -0.0000  -0.0000   1.0000

*******   STEP  87      *** NEFF=10 CALCULATION                
IPH=  0  FIJPH     1.0538   0.0000   0.0000   0.0000   1.0656   0.0000   0.0000   0.0000   0.8904
         EIGNVAL   1.0538   1.0656   0.8904
         EIGNVEC   1.0000   0.0000   0.0000   0.0000   1.0000   0.0000   0.0000   0.0000   1.0000
IPH=  1  FIJPH     1.0538  -0.0000  -0.0000  -0.0000   1.0656  -0.0000  -0.0000  -0.0000   0.8904
         EIGNVAL   1.0538   1.0656   0.8904
         EIGNVEC   1.0000  -0.0001   0.0000   0.0001   1.0000   0.0000  -0.0000  -0.0000   1.0000

*******   STEP  88      *** NEFF=10 CALCULATION                
IPH=  0  FIJPH     1.0544   0.0000   0.0000   0.0000   1.0664   0.0000   0.0000   0.0000   0.8892
         EIGNVAL   1.0544   1.0664   0.8892
         EIGNVEC   1.0000   0.0000   0.0000   0.0000   1.0000   0.0000   0.0000   0.0000   1.0000
IPH=  1  FIJPH     1.0545  -0.0000  -0.0000  -0.0000   1.0664  -0.0000  -0.0000  -0.0000   0.8892
         EIGNVAL   1.0545   1.0664   0.8892
         EIGNVEC   1.0000  -0.0001   0.0000   0.0001   1.0000   0.0000  -0.0000  -0.0000   1.0000

*******   STEP  89      *** NEFF=10 CALCULATION                
IPH=  0  FIJPH     1.0551   0.0000   0.0000   0.0000   1.0672   0.0000   0.0000   0.0000   0.8880
         EIGNVAL   1.0551   1.0672   0.8880
         EIGNVEC   1.0000   0.0000   0.0000   0.0000   1.0000   0.0000   0.0000   0.0000   1.0000
IPH=  1  FIJPH     1.0551  -0.0000  -0.0000  -0.0000   1.0672  -0.0000  -0.0000  -0.0000   0.8880
         EIGNVAL   1.0551   1.0672   0.8880
         EIGNVEC   1.0000  -0.0001   0.0000   0.0001   1.0000   0.0000  -0.0000  -0.0000   1.0000

*******   STEP  90      *** NEFF=10 CALCULATION                
IPH=  0  FIJPH     1.0557   0.0000   0.0000   0.0000   1.0680   0.0000   0.0000   0.0000   0.8868
         EIGNVAL   1.0557   1.0680   0.8868
         EIGNVEC   1.0000   0.0000   0.0000   0.0000   1.0000   0.0000   0.0000   0.0000   1.0000
IPH=  1  FIJPH     1.0557  -0.0000  -0.0000  -0.0000   1.0680  -0.0000  -0.0000  -0.0000   0.8868
         EIGNVAL   1.0557   1.0680   0.8868
         EIGNVEC   1.0000  -0.0001   0.0000   0.0001   1.0000   0.0000  -0.0000  -0.0000   1.0000

*******   STEP  91      *** NEFF=10 CALCULATION                
