    epsacu     sdev1     sdev2     sdev3     sdev4     sdev5     ddev1     ddev2     ddev3     ddev4     ddev5
     0.000     0.130     0.110     0.091     0.081     0.146     0.244     0.227     0.169     0.149     0.278
     0.002     0.131     0.110     0.090     0.080     0.148     0.245     0.221     0.170     0.149     0.276
     0.004     0.131     0.110     0.090     0.080     0.148     0.245     0.220     0.170     0.149     0.277
     0.006     0.132     0.109     0.090     0.080     0.148     0.245     0.219     0.169     0.149     0.277
     0.008     0.132     0.109     0.090     0.080     0.149     0.245     0.218     0.169     0.149     0.277
     0.010     0.132     0.108     0.090     0.080     0.149     0.246     0.217     0.169     0.149     0.277
     0.012     0.133     0.108     0.090     0.080     0.150     0.246     0.216     0.169     0.149     0.277
     0.014     0.133     0.107     0.090     0.080     0.150     0.246     0.215     0.169     0.149     0.278
     0.016     0.133     0.107     0.090     0.080     0.150     0.246     0.214     0.169     0.149     0.278
     0.018     0.134     0.107     0.090     0.080     0.151     0.247     0.213     0.169     0.148     0.278
     0.020     0.134     0.106     0.090     0.080     0.151     0.247     0.212     0.169     0.148     0.278
     0.022     0.135     0.106     0.090     0.080     0.152     0.247     0.211     0.169     0.148     0.278
     0.024     0.135     0.105     0.090     0.080     0.152     0.247     0.210     0.169     0.148     0.279
     0.026     0.135     0.105     0.090     0.080     0.152     0.247     0.209     0.168     0.148     0.279
     0.028     0.136     0.104     0.090     0.080     0.153     0.248     0.209     0.168     0.148     0.279
     0.030     0.136     0.104     0.090     0.080     0.153     0.248     0.208     0.168     0.148     0.279
     0.032     0.136     0.104     0.089     0.080     0.154     0.248     0.207     0.168     0.148     0.279
     0.034     0.137     0.103     0.089     0.080     0.154     0.248     0.206     0.168     0.148     0.280
     0.036     0.137     0.103     0.089     0.080     0.155     0.249     0.205     0.168     0.147     0.280
     0.038     0.138     0.102     0.089     0.080     0.155     0.249     0.204     0.168     0.147     0.280
     0.040     0.138     0.102     0.089     0.080     0.155     0.249     0.203     0.168     0.147     0.280
     0.042     0.138     0.101     0.089     0.079     0.156     0.249     0.202     0.168     0.147     0.280
     0.044     0.139     0.101     0.089     0.079     0.156     0.249     0.201     0.168     0.147     0.281
     0.046     0.139     0.101     0.089     0.079     0.157     0.250     0.201     0.167     0.147     0.281
     0.048     0.139     0.100     0.089     0.079     0.157     0.250     0.200     0.167     0.147     0.281
     0.050     0.140     0.100     0.089     0.079     0.157     0.250     0.199     0.167     0.147     0.281
     0.052     0.140     0.100     0.089     0.079     0.158     0.250     0.198     0.167     0.146     0.281
     0.054     0.141     0.099     0.089     0.079     0.158     0.250     0.197     0.167     0.146     0.282
     0.056     0.141     0.099     0.089     0.079     0.159     0.251     0.196     0.167     0.146     0.282
     0.058     0.141     0.098     0.089     0.079     0.159     0.251     0.196     0.167     0.146     0.282
     0.060     0.142     0.098     0.089     0.079     0.159     0.251     0.195     0.167     0.146     0.282
     0.062     0.142     0.098     0.089     0.079     0.160     0.251     0.194     0.167     0.146     0.282
     0.064     0.143     0.097     0.089     0.079     0.160     0.251     0.193     0.166     0.146     0.283
     0.066     0.143     0.097     0.089     0.079     0.161     0.252     0.192     0.166     0.146     0.283
     0.068     0.143     0.097     0.089     0.079     0.161     0.252     0.192     0.166     0.146     0.283
     0.070     0.144     0.096     0.089     0.079     0.161     0.252     0.191     0.166     0.145     0.283
     0.072     0.144     0.096     0.089     0.079     0.162     0.252     0.190     0.166     0.145     0.283
     0.074     0.144     0.095     0.089     0.079     0.162     0.252     0.189     0.166     0.145     0.284
     0.076     0.145     0.095     0.089     0.079     0.163     0.253     0.189     0.166     0.145     0.284
     0.078     0.145     0.095     0.089     0.079     0.163     0.253     0.188     0.166     0.145     0.284
     0.080     0.146     0.094     0.089     0.079     0.164     0.253     0.187     0.165     0.145     0.284
     0.082     0.146     0.094     0.089     0.079     0.164     0.253     0.186     0.165     0.145     0.284
     0.084     0.146     0.094     0.089     0.079     0.164     0.253     0.186     0.165     0.145     0.284
     0.086     0.147     0.093     0.088     0.078     0.165     0.254     0.185     0.165     0.145     0.285
     0.088     0.147     0.093     0.088     0.078     0.165     0.254     0.184     0.165     0.144     0.285
     0.090     0.148     0.093     0.088     0.078     0.166     0.254     0.183     0.165     0.144     0.285
     0.092     0.148     0.092     0.088     0.078     0.166     0.254     0.183     0.165     0.144     0.285
     0.094     0.148     0.092     0.088     0.078     0.166     0.254     0.182     0.165     0.144     0.285
     0.096     0.149     0.092     0.088     0.078     0.167     0.254     0.181     0.165     0.144     0.285
     0.098     0.149     0.092     0.088     0.078     0.167     0.255     0.181     0.164     0.144     0.286
     0.100     0.149     0.091     0.088     0.078     0.168     0.255     0.180     0.164     0.144     0.286
     0.102     0.150     0.091     0.088     0.078     0.168     0.255     0.179     0.164     0.144     0.286
     0.104     0.150     0.091     0.088     0.078     0.169     0.255     0.179     0.164     0.144     0.286
     0.106     0.151     0.090     0.088     0.078     0.169     0.255     0.178     0.164     0.143     0.286
     0.108     0.151     0.090     0.088     0.078     0.169     0.256     0.177     0.164     0.143     0.287
     0.110     0.151     0.090     0.088     0.078     0.170     0.256     0.177     0.164     0.143     0.287
     0.112     0.152     0.089     0.088     0.078     0.170     0.256     0.176     0.164     0.143     0.287
     0.114     0.152     0.089     0.088     0.078     0.171     0.256     0.175     0.164     0.143     0.287
     0.116     0.153     0.089     0.088     0.078     0.171     0.256     0.175     0.163     0.143     0.287
     0.118     0.153     0.088     0.088     0.078     0.171     0.256     0.174     0.163     0.143     0.287
     0.120     0.153     0.088     0.088     0.078     0.172     0.257     0.173     0.163     0.143     0.288
     0.122     0.154     0.088     0.088     0.078     0.172     0.257     0.173     0.163     0.143     0.288
     0.124     0.154     0.088     0.087     0.077     0.173     0.257     0.172     0.163     0.142     0.288
     0.126     0.154     0.087     0.087     0.077     0.173     0.257     0.171     0.163     0.142     0.288
     0.128     0.155     0.087     0.087     0.077     0.173     0.257     0.171     0.163     0.142     0.288
     0.130     0.155     0.087     0.087     0.077     0.174     0.257     0.170     0.163     0.142     0.288
     0.132     0.156     0.086     0.087     0.077     0.174     0.258     0.170     0.163     0.142     0.289
     0.134     0.156     0.086     0.087     0.077     0.175     0.258     0.169     0.162     0.142     0.289
     0.136     0.156     0.086     0.087     0.077     0.175     0.258     0.168     0.162     0.142     0.289
     0.138     0.157     0.086     0.087     0.077     0.176     0.258     0.168     0.162     0.142     0.289
     0.140     0.157     0.085     0.087     0.077     0.176     0.258     0.167     0.162     0.142     0.289
     0.142     0.158     0.085     0.087     0.077     0.176     0.258     0.167     0.162     0.142     0.289
     0.144     0.158     0.085     0.087     0.077     0.177     0.259     0.166     0.162     0.141     0.289
     0.146     0.158     0.085     0.087     0.077     0.177     0.259     0.166     0.162     0.141     0.290
     0.148     0.159     0.084     0.087     0.077     0.178     0.259     0.165     0.162     0.141     0.290
     0.150     0.159     0.084     0.087     0.077     0.178     0.259     0.164     0.162     0.141     0.290
     0.152     0.159     0.084     0.087     0.077     0.178     0.259     0.164     0.161     0.141     0.290
     0.154     0.160     0.084     0.087     0.077     0.179     0.259     0.163     0.161     0.141     0.290
     0.156     0.160     0.083     0.086     0.077     0.179     0.260     0.163     0.161     0.141     0.290
     0.158     0.161     0.083     0.086     0.076     0.180     0.260     0.162     0.161     0.141     0.291
     0.160     0.161     0.083     0.086     0.076     0.180     0.260     0.162     0.161     0.141     0.291
     0.162     0.161     0.082     0.086     0.076     0.181     0.260     0.161     0.161     0.141     0.291
     0.164     0.162     0.082     0.086     0.076     0.181     0.260     0.161     0.161     0.140     0.291
     0.166     0.162     0.082     0.086     0.076     0.181     0.260     0.160     0.161     0.140     0.291
     0.168     0.162     0.082     0.086     0.076     0.182     0.261     0.159     0.161     0.140     0.291
     0.170     0.163     0.081     0.086     0.076     0.182     0.261     0.159     0.161     0.140     0.292
     0.172     0.163     0.081     0.086     0.076     0.183     0.261     0.158     0.160     0.140     0.292
     0.174     0.164     0.081     0.086     0.076     0.183     0.261     0.158     0.160     0.140     0.292
     0.176     0.164     0.081     0.086     0.076     0.183     0.261     0.157     0.160     0.140     0.292
     0.178     0.164     0.081     0.086     0.076     0.184     0.261     0.157     0.160     0.140     0.292
     0.180     0.165     0.080     0.086     0.076     0.184     0.261     0.156     0.160     0.140     0.292
