TEXTURE AT STRAIN =    0.1800
   1.056   1.068   0.887  <-- length of phase ellipsoid axes
    0.01    0.00    0.00  <-- Euler angles (deg) of phase ellipsoid axes
B       563
   76.57  130.04   90.60   0.0001221
  124.54   48.24   96.90   0.0015221
   98.49   56.12   85.81   0.0010605
  129.53   73.75   39.27   0.0017662
   99.02  103.98  133.73   0.0007133
   58.02   47.49   77.18   0.0014191
  123.30   57.46  104.58   0.0000916
   58.64   97.79   53.88   0.0011482
  113.71   86.89   63.54   0.0002480
   70.57   92.02   92.31   0.0009956
   76.38   51.64   61.48   0.0005760
  135.63   51.41   85.51   0.0018845
   95.55   88.17   54.05   0.0001831
   83.46  109.88  106.31   0.0024452
   52.06   87.74   69.38   0.0011787
  127.84  102.58  124.45   0.0025101
   70.21  120.08  110.44   0.0054588
   81.13   55.42  119.88   0.0004234
   88.01   75.60  130.95   0.0026894
   88.97   92.82   53.37   0.0010567
   70.51  121.47   46.86   0.0000305
   76.78   64.24   70.22   0.0007057
  110.31   64.89  119.42   0.0003319
   78.72   50.07   79.38   0.0028000
   49.18   57.00  102.89   0.0000038
   45.47   93.27   45.25   0.0016479
   93.70   65.92  107.97   0.0017471
  107.34   92.57  134.27   0.0025520
   70.40   94.53   77.60   0.0001106
   58.96   68.17  127.39   0.0006752
  120.91  105.85   75.63   0.0015182
   96.32  131.91   89.71   0.0003700
  115.80   94.50   69.98   0.0019341
   95.28  130.36   73.79   0.0004807
  121.44   87.59   47.76   0.0013084
   88.93  112.87   84.68   0.0001564
   65.53  106.33  116.52   0.0020447
   83.60  119.81   65.41   0.0015373
   62.48   87.23  135.40   0.0031815
   52.33  109.69  101.93   0.0010300
   58.62  113.83  111.39   0.0003700
  -41.82   79.86  146.16   0.0012817
   47.20  120.72   63.00   0.0099335
   94.74   58.34   48.67   0.0005913
  130.44  112.29  137.59   0.0002403
  102.53   90.51   92.07   0.0020828
  119.28   73.67   79.42   0.0031815
   94.23   46.80   74.35   0.0047569
   89.70  130.67   68.27   0.0034981
  135.91   61.79   66.08   0.0012779
   47.92   63.58  135.63   0.0004578
   78.63   55.84  109.15   0.0007172
   72.34  107.81  121.45   0.0012474
  123.90  113.89   68.64   0.0005836
  133.11   92.75  135.20   0.0015221
  -49.88  125.94   23.94   0.0000687
   96.07   99.99   67.82   0.0005226
  113.36   83.52   49.60   0.0009880
  121.38  114.31   68.55   0.0036812
   62.08   82.17  114.92   0.0003586
   79.83  111.13   76.11   0.0053482
  124.89   78.93  104.08   0.0002899
   68.92  135.25   94.31   0.0013809
   73.34   93.77   65.43   0.0070457
   49.95   49.40   78.06   0.0025902
   99.62  132.64  121.00   0.0005417
  130.41  111.62  137.97   0.0012283
 -125.52   68.76   46.15   0.0001259
   49.18   57.00  102.89   0.0008049
   85.53  101.20  100.84   0.0003319
   64.29   90.47  129.95   0.0013275
   79.76  117.07   56.60   0.0010300
   42.38   73.86  113.87   0.0011444
   84.36  104.06  111.76   0.0011749
   67.77   53.56   73.44   0.0007248
  131.78  128.62   82.02   0.0019493
  -53.47  112.55  171.53   0.0021362
  -75.11  125.02 -178.22   0.0008698
  -49.58   93.06 -154.95   0.0012207
  -94.42   61.50 -149.26   0.0004616
  -54.30   46.42  179.15   0.0039482
 -126.01   69.25  145.63   0.0011749
  -51.02   62.56  155.62   0.0016441
  -91.15  124.26 -157.35   0.0003929
  -79.21   86.19  150.18   0.0059891
  -70.17  104.23 -144.73   0.0015030
 -122.80   64.64 -161.30   0.0024452
   57.34   89.35   57.04   0.0000038
  -91.78  125.64 -140.72   0.0003319
 -132.87   93.15 -171.93   0.0005608
 -124.52  130.29  177.29   0.0002937
 -130.21  106.59  170.21   0.0055733
 -117.92   52.93 -153.57   0.0038261
 -108.30  117.90  169.94   0.0011978
 -111.60   74.04  173.49   0.0033188
 -112.39  132.39 -161.95   0.0002403
 -108.66  102.45  158.60   0.0010033
  -50.02   79.93 -155.58   0.0029526
  -51.88  131.15 -177.79   0.0003014
 -130.99   85.63  157.01   0.0011978
  -67.04   93.08 -155.72   0.0012589
  -69.20   51.64 -145.21   0.0059128
  -62.14  117.93  178.77   0.0040550
 -102.47  121.96  174.64   0.0010796
  -66.05  112.53  144.59   0.0014305
 -103.35   95.66  151.83   0.0046501
  -96.31   80.95 -138.89   0.0009651
  -85.72   50.95 -161.06   0.0004311
 -100.76   50.78  151.60   0.0040741
   77.79   43.94   77.01   0.0003586
  -88.11   90.67  153.03   0.0009766
 -102.35  117.75 -179.72   0.0009995
  -51.22  119.30 -177.29   0.0006981
  -54.79  128.49  177.07   0.0066986
  -61.96   87.47 -142.35   0.0009155
  -92.40   55.37  177.98   0.0042572
  103.78   95.45  -11.29   0.0000877
 -109.97   55.90 -154.45   0.0009804
  -94.77  134.31  173.54   0.0009346
 -135.90   95.05  150.29   0.0015335
  -41.82   79.86  146.16   0.0035553
  -71.23  131.82 -170.55   0.0005226
  -61.63  119.86  177.89   0.0072746
  -44.16   53.66 -101.11   0.0000916
  -59.48   84.15  143.87   0.0013962
 -136.25   73.66 -142.91   0.0007858
  -74.18   44.65 -151.39   0.0012398
 -110.76  124.67 -168.40   0.0005646
  -98.31  117.05 -154.38   0.0009041
  -95.12   82.35  158.61   0.0002289
  -57.62   89.21  159.57   0.0016441
 -115.12   79.07 -143.15   0.0008965
  -50.02   79.61 -146.06   0.0022545
 -120.08   46.31 -177.44   0.0003662
  -56.63   77.96  151.81   0.0003166
  -98.15   72.52  167.58   0.0003319
  -77.90  134.05  172.70   0.0008049
  -76.00   86.61  139.95   0.0001297
 -108.46   57.97  144.92   0.0026398
   66.52  129.61   90.78   0.0001106
  -96.01   91.19 -137.26   0.0007629
 -130.81  120.18 -169.24   0.0011253
 -117.85  124.50  143.52   0.0003052
  -86.37   98.08  151.66   0.0041771
  -56.19   91.49 -145.62   0.0000572
  -44.95   74.97  145.59   0.0041504
  -92.99   97.01 -157.58   0.0014343
  -52.95  114.54  161.44   0.0000610
  -97.63  103.29  165.49   0.0012932
  -85.04   58.98 -158.50   0.0004654
  -49.25   81.50  142.31   0.0009842
  -56.07  111.78  169.35   0.0015602
  111.09   93.45  100.24   0.0105019
  108.65   41.40  115.12   0.0022812
  105.56   82.90   53.25   0.0003433
   54.97  115.44   97.09   0.0011101
  107.44  120.30  135.52   0.0043373
   58.75   62.74  131.98   0.0015717
 -152.30  164.55   68.07   0.0000343
   83.35  111.40   99.22   0.0043106
  125.11  107.55  140.70   0.0005951
  101.80   72.38  103.45   0.0001488
  106.08  121.88   90.61   0.0007668
   59.88   58.43  103.29   0.0012550
  123.58  103.14  102.77   0.0010719
   57.41   60.68   85.18   0.0013695
   87.91  130.97   89.87   0.0012856
   46.58   89.51  117.57   0.0009651
   93.39   46.48   96.83   0.0004425
   66.35   99.65   71.83   0.0004501
  123.03   66.32   36.81   0.0006676
   61.59   57.43   92.04   0.0026550
   73.21   99.05   59.23   0.0005188
  135.02  129.92   90.77   0.0079041
  126.18   49.53   90.03   0.0010338
   47.29   74.59  134.71   0.0016708
  110.44  125.31   81.78   0.0018578
   69.39   55.08  142.56   0.0010185
   88.90   64.41  124.32   0.0000420
   66.59   87.27   62.74   0.0061378
   57.34   89.35   57.04   0.0005951
 -101.73   72.86  159.53   0.0007515
   68.01  118.35  114.16   0.0007439
   50.02   76.26   63.47   0.0012093
   59.86   93.15  117.27   0.0017281
   92.02   47.65   85.85   0.0009766
   72.53   54.86   68.82   0.0008507
   45.64  118.70   66.97   0.0022278
  107.73  111.36  138.38   0.0005913
  107.91  114.45  119.34   0.0010109
   66.52  129.61   90.78   0.0014381
   73.29   52.52   60.86   0.0003815
  111.78   80.28   52.08   0.0010223
   85.91  120.64   80.53   0.0029030
   79.36   46.55   85.60   0.0004959
   69.76  121.40   81.50   0.0007973
   69.81   58.38   98.83   0.0002785
   94.89   84.18   76.48   0.0003471
  108.75   93.55  111.67   0.0011559
   98.67   55.78   92.59   0.0006981
   76.37   49.22   81.08   0.0015068
  128.87   97.49   58.46   0.0025520
   98.46   87.28   85.02   0.0008392
   58.08   94.76  125.99   0.0003891
   75.33   72.75   48.17   0.0037193
  117.84   54.64   79.37   0.0012932
   87.52  109.53   59.97   0.0011520
   70.51  121.47   46.86   0.0008125
   47.13  134.86  -90.69   0.0002670
  131.07   91.58   52.18   0.0005913
  133.19   75.55  103.67   0.0035477
   95.02   97.59  114.92   0.0050774
   87.09  132.13  114.03   0.0020714
   60.89  130.22  106.43   0.0002022
   94.88   93.71   96.45   0.0002556
  125.67   50.82   70.38   0.0003548
  124.39  128.81   87.21   0.0004158
   98.51   60.96   58.60   0.0018234
  121.31  117.25   65.20   0.0017586
  105.76  110.10  105.53   0.0021019
   53.96   59.66   71.96   0.0014153
   89.96   47.95   71.47   0.0042915
  122.62  122.79   81.02   0.0010033
   70.20  119.11   73.11   0.0003319
  126.38   93.81   68.28   0.0010567
  136.94  102.38  106.96   0.0025406
  110.30   92.19  112.54   0.0031586
   49.04  129.92   80.45   0.0012856
   56.32  105.70   56.58   0.0005569
   87.74  126.27   96.18   0.0017929
  -83.24   84.36  -36.56   0.0000458
   49.04  129.92   80.45   0.0000267
  -72.68   79.75  -24.07   0.0010605
  -53.65  118.35   -3.28   0.0105820
  -55.53  127.11    8.11   0.0005798
  -76.86   48.86    8.09   0.0010338
  -80.30   49.20   28.66   0.0007858
 -125.52   68.76   46.15   0.0019264
  -87.90  112.63  -37.47   0.0011177
 -129.65   99.00   -6.62   0.0001068
  -74.24   83.91  -42.89   0.0004005
 -122.37  126.37  -32.03   0.0012894
  -95.65   97.75  -18.33   0.0010262
 -106.15   93.89   26.54   0.0018578
 -119.29  110.52  -22.33   0.0003204
 -111.16  119.91   -7.21   0.0018654
  -57.21   91.25    1.81   0.0015564
  -84.60   79.79   36.17   0.0002136
 -101.80   82.07  -41.05   0.0013618
 -109.53   61.45  -35.63   0.0006638
 -116.18   50.02   -2.55   0.0020943
  -96.22  103.26   33.64   0.0032692
  -93.70   79.15   21.24   0.0021400
 -118.72   89.20   30.97   0.0005188
 -129.25   83.17   38.28   0.0017471
 -129.65   99.00   -6.62   0.0001793
  -94.60  106.07    6.95   0.0016670
  -92.56  131.87   -9.02   0.0019302
  -62.24  125.76   11.68   0.0027466
  -97.44   45.76  -25.78   0.0022392
 -127.67   99.57  -42.70   0.0029030
  -81.94   68.40   17.75   0.0010681
  -60.51   83.56   23.77   0.0039520
 -133.43   89.15   43.67   0.0059967
  -81.22  124.07   20.67   0.0010414
  -71.69   83.01    5.01   0.0002441
  -47.85   99.95   -4.27   0.0008850
  -51.01   79.97  -16.03   0.0043106
 -117.54   45.18   -0.70   0.0010719
 -101.73   55.87   23.14   0.0007362
 -132.11  112.29   -8.93   0.0019341
  -74.86  136.55  -28.53   0.0085869
  -69.39   77.11    1.48   0.0008583
  -72.24  131.23   -3.45   0.0022049
  -61.24   92.87   13.91   0.0009727
  -74.94   56.36    5.88   0.0028572
  -95.92   86.05  -32.32   0.0004082
 -122.66  127.40  -25.88   0.0001373
  -55.46   90.86   25.94   0.0000076
 -123.08   79.00  -32.33   0.0015564
 -133.38   86.62  -35.88   0.0017433
 -126.31  130.82   -3.48   0.0012093
  -70.46  106.77    7.24   0.0011826
 -131.55  127.35   13.40   0.0070763
  -59.03   78.64   34.36   0.0031242
 -124.47   54.79    7.35   0.0010071
  -63.11   80.22   -9.57   0.0016975
  -50.36   95.91  -36.80   0.0019531
  -86.15  111.15   28.96   0.0004997
 -105.35  125.16   12.23   0.0011101
 -116.83  111.13   14.14   0.0047455
 -101.49   94.83   33.04   0.0006638
  -49.88  125.94   23.94   0.0009995
 -108.33   53.20   12.06   0.0008545
  -74.68  128.02   43.80   0.0002861
  -82.02   72.62   -7.12   0.0006828
  -91.93   68.41   39.94   0.0029831
 -129.40   85.02  -20.81   0.0014877
  -92.05   96.13   16.27   0.0033226
  -99.10   56.70  -25.84   0.0025482
  -51.93   95.63   37.72   0.0007057
  -87.15  113.82  -13.36   0.0045700
  -81.62   86.05   38.88   0.0006714
  -91.51   46.08   -5.82   0.0041008
  -58.62   94.93   -9.19   0.0063171
  -91.98   46.31  -15.60   0.0039215
 -126.43   79.06  -39.99   0.0002403
  -56.48   60.05    3.97   0.0028648
  -55.08   96.94  -12.44   0.0010071
  -74.39  132.27   29.75   0.0000992
 -114.21  144.02   76.74   0.0004768
  -60.87  128.70  122.11   0.0015068
   62.17  150.35  -83.50   0.0002975
   82.86  163.59  -59.51   0.0011444
   35.37  143.42 -118.19   0.0022392
  127.43  123.46  -52.25   0.0023193
   68.17  145.66  -71.82   0.0055428
  -22.35  139.52  115.61   0.0015869
  -44.34  144.49   92.04   0.0056419
 -121.32  153.52   94.39   0.0010910
  131.44  136.54  -84.18   0.0048981
  -55.71  135.01  154.34   0.0013161
 -137.10  129.99   75.13   0.0050583
  121.44  141.79  -59.42   0.0041924
   40.83  139.24 -104.07   0.0003395
   72.83  161.22 -127.82   0.0002480
  133.53  139.50  -50.86   0.0001831
   12.91  145.85 -176.03   0.0001602
  134.89  149.85  -32.45   0.0002022
   63.46  148.35 -104.37   0.0007172
 -120.62  140.84   35.02   0.0014763
  -68.79  137.98  155.28   0.0032806
   -5.73  141.01 -150.07   0.0050392
 -100.86  115.27 -111.12   0.0008621
   99.18  150.69  -98.62   0.0031509
  137.50  146.00    2.52   0.0010681
  -61.90  140.35  104.42   0.0039253
 -145.80  144.25   69.67   0.0013504
   22.59  156.79  158.91   0.0002594
   27.42  145.06 -165.13   0.0004196
  -59.52  145.57  117.43   0.0005417
 -141.18  150.50   32.71   0.0003662
 -113.65  134.05   67.59   0.0009842
  -34.15  143.24  114.78   0.0017662
  150.45  145.34    2.50   0.0002289
  -50.74  155.82  120.42   0.0013313
  -51.61  145.23  173.14   0.0022469
  147.58  163.00  -39.52   0.0003738
  122.22  130.90  -22.69   0.0013618
 -104.05  144.54   58.64   0.0006866
 -152.30  164.55   68.07   0.0025444
 -179.57  150.21   37.98   0.0017319
   94.37  151.11  -65.89   0.0051498
 -142.57  152.25   -6.85   0.0003777
  -53.44  145.46   89.84   0.0008469
   61.81  130.56 -152.84   0.0001144
  146.68  150.50  -48.24   0.0007973
  -12.37  143.59  167.08   0.0005264
  137.54  135.32  -55.66   0.0001221
    0.76  142.58  162.39   0.0005074
  -46.59  132.21  101.04   0.0004272
  -71.09  172.23   95.29   0.0028992
  -83.51  152.29   82.20   0.0028954
   43.94  143.75 -167.28   0.0043030
  -95.99  153.95   62.94   0.0010986
 -176.47  149.34   43.56   0.0004501
 -134.65  138.03    8.67   0.0012970
  140.03  155.36  -64.40   0.0010605
 -161.69  138.37   -5.50   0.0015144
  -33.29  151.54  106.66   0.0002174
   52.58  146.64 -160.87   0.0011406
  -46.75  133.22  109.45   0.0006561
 -148.38  146.28  -12.06   0.0001869
  -25.34  166.42  155.46   0.0003433
   32.56  149.21  168.52   0.0002518
 -105.88  157.09   85.70   0.0003319
  129.57  165.92  -74.73   0.0019493
  -37.45  136.32  101.88   0.0011826
   12.91  138.90 -171.98   0.0003433
  160.27  150.41  -43.66   0.0030212
 -111.92  138.27   45.86   0.0006714
 -179.31  142.75   19.23   0.0024796
   47.13  134.86  -90.69   0.0014305
  113.91  137.28  -63.39   0.0000038
   98.94  164.37  -36.45   0.0008049
  107.29  149.55  -69.78   0.0003815
  137.99  129.21  -16.52   0.0069199
 -114.62  153.03   96.47   0.0003700
   37.96  123.98 -114.73   0.0060501
  -98.88  142.03  108.49   0.0086098
  115.95  151.15  -58.62   0.0007591
   77.63  109.07  -29.59   0.0025063
   68.96   96.32   36.23   0.0000153
   74.39  123.47  -44.14   0.0006027
  -71.69   83.01    5.01   0.0001297
   73.07   53.93  -11.17   0.0034676
   99.36  108.09  -20.55   0.0026817
  124.38   96.52   37.50   0.0023422
   95.83   73.32  -12.79   0.0036316
  110.53   83.69  -11.32   0.0004959
  107.32  132.09   14.64   0.0015488
   74.29  114.39   36.94   0.0000076
   66.11   93.09  -25.65   0.0002441
   73.35  104.30   18.39   0.0013809
   80.34   87.84   32.05   0.0007744
  125.92   65.90   17.21   0.0029526
   50.00   90.93  -44.72   0.0015335
  108.16   72.37   13.09   0.0000191
  126.83   96.38   45.42   0.0004234
  -53.44  145.46   89.84   0.0000763
   88.29   52.63   40.16   0.0011635
   91.52  125.96  -26.02   0.0023117
   59.67   83.81   25.43   0.0039749
   86.59   79.17  -10.92   0.0010338
   93.23   47.82    6.34   0.0016365
   57.74   76.63  -31.24   0.0006905
  118.49   49.36   18.21   0.0003090
  114.33   46.65   -7.07   0.0035591
   94.41   86.55  -21.27   0.0004616
   82.16   70.16    5.63   0.0006447
   61.55   86.43  -29.23   0.0023193
   58.42  102.64   33.18   0.0004234
  124.36   96.24  -22.36   0.0013771
   53.85   81.81   48.49   0.0003433
   96.61  124.61  -15.58   0.0020752
   73.63  101.60   -3.17   0.0008850
  110.43   83.89  -16.18   0.0006180
   64.24  106.10   30.34   0.0016136
   92.02  111.62  -37.13   0.0011749
   78.82   96.92    3.76   0.0003433
  114.66   91.37  -39.37   0.0008240
  134.44  129.30    1.70   0.0026932
   87.51   97.36   15.06   0.0010490
  129.25   85.31  -15.35   0.0028687
   89.65   85.38  -41.67   0.0003700
  120.79  105.04  -10.83   0.0018539
   60.93  127.07  -25.87   0.0106506
   64.85  106.25   13.26   0.0010376
  122.42   96.55    5.52   0.0018539
   63.21   81.80   46.11   0.0030251
   98.32   57.60  -16.51   0.0047150
   42.62  120.60  -14.55   0.0033035
   75.36  117.62  -43.43   0.0034790
   81.74   80.95  -43.28   0.0024719
   75.63   58.32    9.83   0.0013695
   52.50   77.20   -8.00   0.0022659
  120.42   66.59   16.33   0.0003738
  -54.78  100.47 -111.75   0.0000076
   81.99  109.83   37.02   0.0020294
  112.11   80.34  -24.74   0.0024796
   74.16   99.23   26.72   0.0005188
   50.07   68.67   -3.98   0.0029564
  109.96   83.06   10.65   0.0014267
   93.04   89.22   -5.74   0.0023613
  102.16   92.63  -35.73   0.0033035
  131.39   99.80   39.42   0.0004463
  102.49   65.09   15.88   0.0007095
   95.71  114.58   40.62   0.0017815
   90.23   84.10  -38.37   0.0004120
   60.71   50.31    4.22   0.0009575
  108.99   50.92   -8.11   0.0027733
  114.77   87.41  -10.42   0.0028381
  124.45   94.54  -10.06   0.0007973
   91.27  120.01    2.19   0.0002403
  103.78   95.45  -11.29   0.0025101
   79.88   92.96   14.81   0.0007591
   54.81   93.05  -30.75   0.0002975
   68.32   63.93  -26.08   0.0008774
   52.75  127.68   18.77   0.0018616
  -54.78  100.47 -111.75   0.0003090
 -127.44  126.21  -83.87   0.0003319
 -116.09  106.73  -93.34   0.0007477
  -88.39   76.49  -46.84   0.0007782
  -89.36   49.05 -108.16   0.0035553
 -132.31   99.24 -110.64   0.0030594
 -124.25   66.60  -55.99   0.0037956
 -132.22  119.14 -129.67   0.0013428
 -126.49   78.95  -60.03   0.0017624
 -122.40  100.86  -89.89   0.0017166
  -92.19  112.28  -81.28   0.0000801
  -72.82   55.32  -86.76   0.0006294
  -45.56  114.48  -51.40   0.0064430
 -106.96   64.01  -91.67   0.0002975
  -89.20   75.50 -101.07   0.0002441
 -101.20   80.76  -46.02   0.0011711
  -81.75  121.96 -102.99   0.0020332
  -59.91   67.10 -110.75   0.0042572
  -98.73  109.88 -100.43   0.0008621
  -57.47   85.85 -132.15   0.0006371
  -45.56   86.72 -134.46   0.0001450
  -76.80   61.47  -50.69   0.0029373
 -141.07   75.52  -51.68   0.0004807
 -108.47   67.02  -76.50   0.0006943
 -101.10   50.59  -97.38   0.0000534
  -95.48   79.53 -103.90   0.0017586
  -69.45   47.68  -73.53   0.0005608
 -108.85   64.28 -125.50   0.0056190
  -62.87  101.52 -100.92   0.0022659
  -57.63  115.84  -73.09   0.0086403
  -98.47  100.03  -81.81   0.0017548
 -103.58  100.57  -65.49   0.0026512
 -139.13  106.76 -129.78   0.0001183
  -77.40   72.08  -97.01   0.0002403
  -55.53   72.51 -130.66   0.0007553
 -112.22  108.08  -90.50   0.0023651
  -92.12  109.09  -93.83   0.0005455
 -112.40   92.79  -95.81   0.0018005
  -46.81  103.41  -66.80   0.0028610
  -78.18   99.68 -124.56   0.0009842
  -72.67   92.24  -52.74   0.0034866
  -44.16   53.66 -101.11   0.0004883
  -53.44  145.46   89.84   0.0000648
 -139.08  120.14 -109.56   0.0019493
 -122.37  126.37  -32.03   0.0002823
  -49.00   97.51 -125.44   0.0015182
 -109.10   47.07 -114.88   0.0002518
  -49.33   60.17  -85.70   0.0072441
  -63.95   63.47  -79.50   0.0006409
  -88.52  125.63  -95.74   0.0003700
 -101.24   50.87  -67.54   0.0071449
 -122.04   83.16 -131.89   0.0010910
  -90.28   94.33 -125.30   0.0077438
 -127.81   64.46  -44.34   0.0034218
 -104.93   84.30  -53.85   0.0057068
  -75.16   86.83 -116.52   0.0008621
 -121.72   99.54  -84.93   0.0013695
 -122.37  126.37  -32.03   0.0000572
  -97.90   87.30 -100.40   0.0028954
  -68.79  121.57  -60.81   0.0053368
  -46.61  121.46  -93.02   0.0018578
  -61.38   91.70  -66.13   0.0008240
 -141.95  137.68   83.79   0.0013580
 -133.54  119.92 -102.14   0.0004272
  -43.25   74.52 -131.63   0.0012817
  -44.88   96.07  -50.77   0.0014343
  -65.51   56.97  -67.83   0.0017052
  -47.29   49.86  -84.15   0.0074234
 -103.27   49.73 -101.74   0.0115967
 -104.15   60.17  -39.87   0.0005493
 -132.48  107.15 -122.95   0.0067062
 -126.81   52.65 -108.16   0.0024872
  -64.93  131.72  -89.75   0.0022163
  -80.51  119.20  -75.00   0.0002060
  -78.47  134.20  -94.07   0.0005379
  -50.27   89.89  -53.97   0.0003586
  -80.83  121.26  -86.88   0.0084076
  -57.29   87.44 -135.85   0.0004845
  -77.70  131.48  -64.62   0.0010376
  -97.42   63.01  -84.43   0.0003357
  -57.66   59.27 -146.79   0.0115738
  -44.11   57.42  -94.44   0.0001488
 -139.42  104.70 -127.74   0.0016670
  -79.61   70.43 -135.99   0.0007973
  -83.79  130.82  -60.42   0.0006676
  -43.84  119.17  -83.93   0.0005035
  -89.33   63.28 -121.38   0.0045586
  -68.18   47.32  -60.05   0.0005531
  -99.19   61.54  -69.96   0.0041389
 -111.93   68.53 -111.37   0.0078278
 -122.16   88.58  -45.26   0.0025749
 -134.63   57.19  -90.07   0.0016899
  -90.23  100.27 -126.35   0.0025101
  -69.49   60.37 -102.69   0.0014992
